<?xml version="1.0" encoding="UTF-8"?>
<!-- Generated by org.testng.reporters.JUnitReportReporter -->
<testsuite skipped="0" hostname="DESKTOP-NQRRDTM" name="tests.Surus" tests="12" failures="0" timestamp="04 Eyl 2020 14:28:28 GMT" time="964.218" errors="0">
  <testcase name="TC_035_Surus_Baslat" time="71.945" classname="tests.Surus"/>
  <testcase name="TC_036_Nasil_Surulur_Gecilmemis" time="101.581" classname="tests.Surus"/>
  <testcase name="TC_037_Acil_Mudahale" time="71.260" classname="tests.Surus"/>
  <testcase name="TC_038_Nasil_Surulur" time="71.625" classname="tests.Surus"/>
  <testcase name="TC_039_Ortalama" time="78.964" classname="tests.Surus"/>
  <testcase name="TC_040_Surus_Bitirme" time="75.736" classname="tests.Surus"/>
  <testcase name="TC_041_Park_Edilemez_Alan" time="81.872" classname="tests.Surus"/>
  <testcase name="TC_042_Kilit_Takilmadi" time="82.823" classname="tests.Surus"/>
  <testcase name="TC_044_Surus_Bitir_Internet_Kapali" time="80.974" classname="tests.Surus"/>
  <testcase name="TC_045_Ceza_Kurallarina_Erisim" time="76.015" classname="tests.Surus"/>
  <testcase name="TC_046_Odeme_Hatasi" time="84.788" classname="tests.Surus"/>
  <testcase name="TC_047_Surus_Bitirme_Basarili" time="86.635" classname="tests.Surus"/>
</testsuite> <!-- tests.Surus -->
