<?xml version="1.0" encoding="UTF-8"?>
<!-- Generated by org.testng.reporters.JUnitReportReporter -->
<testsuite skipped="0" hostname="DESKTOP-NQRRDTM" name="tests.Giris_Ekrani" tests="3" failures="0" timestamp="04 Eyl 2020 14:28:28 GMT" time="178.275" errors="0">
  <testcase name="TC_011_Giris_Basarisiz" time="45.157" classname="tests.Giris_Ekrani"/>
  <testcase name="TC_012_Dogrulama_Basarisiz" time="58.974" classname="tests.Giris_Ekrani"/>
  <testcase name="TC_013_Tekrar_Kod_Gonder" time="74.144" classname="tests.Giris_Ekrani"/>
</testsuite> <!-- tests.Giris_Ekrani -->
