<?xml version="1.0" encoding="UTF-8"?>
<!-- Generated by org.testng.reporters.JUnitReportReporter -->
<testsuite skipped="0" hostname="DESKTOP-NQRRDTM" name="tests.Yukleme_Ekrani" tests="5" failures="0" timestamp="04 Eyl 2020 14:28:28 GMT" time="309.321" errors="0">
  <testcase name="TC_001_Yukleme_Ekrani_Basarisiz" time="57.075" classname="tests.Yukleme_Ekrani"/>
  <testcase name="TC_002_Uygulama_Baslangici_Basarili" time="55.825" classname="tests.Yukleme_Ekrani"/>
  <testcase name="TC_004_Oturum_Kontrolu_Basarili" time="58.567" classname="tests.Yukleme_Ekrani"/>
  <testcase name="TC_005_Surus_Kontrolu" time="65.515" classname="tests.Yukleme_Ekrani"/>
  <testcase name="TC_007_Tckn_Kontrolu" time="72.339" classname="tests.Yukleme_Ekrani"/>
</testsuite> <!-- tests.Yukleme_Ekrani -->
