<?xml version="1.0" encoding="UTF-8"?>
<!-- Generated by org.testng.reporters.JUnitReportReporter -->
<testsuite skipped="0" hostname="DESKTOP-NQRRDTM" name="tests.android.ride.Borclar" tests="6" failures="0" timestamp="26 Eki 2020 05:46:16 GMT" time="171.206" errors="0">
  <testcase name="TC_043_Borclu_Kullanici" time="25.460" classname="tests.android.ride.Borclar"/>
  <testcase name="TC_044_Borclu_Kullanici_Plus_15" time="26.025" classname="tests.android.ride.Borclar"/>
  <testcase name="TC_045_Borc_Odeme" time="26.054" classname="tests.android.ride.Borclar"/>
  <testcase name="TC_046_Borc_Odeme_Cuzdan_Yeterli" time="28.461" classname="tests.android.ride.Borclar"/>
  <testcase name="TC_047_Borc_Odeme_Islemi_Basarili" time="31.690" classname="tests.android.ride.Borclar"/>
  <testcase name="TC_048_Borc_Odeme_Islemi_Basarisiz" time="33.516" classname="tests.android.ride.Borclar"/>
</testsuite> <!-- tests.android.ride.Borclar -->
