<?xml version="1.0" encoding="UTF-8"?>
<!-- Generated by org.testng.reporters.JUnitReportReporter -->
<testsuite skipped="0" hostname="DESKTOP-NQRRDTM" name="tests.android.security.Saha_Ekrani" tests="4" failures="0" timestamp="06 Eki 2020 10:27:59 GMT" time="139.456" errors="0">
  <testcase name="TC_042_Herhangi_Bir_Gorev_Yok" time="35.585" classname="tests.android.security.Saha_Ekrani"/>
  <testcase name="TC_043_Atanmamis_Calinti_Gorevi_Kontrolu" time="25.256" classname="tests.android.security.Saha_Ekrani"/>
  <testcase name="TC_044_Gorev_Gosterimi" time="39.272" classname="tests.android.security.Saha_Ekrani"/>
  <testcase name="TC_052_Depoya_Git_Secenegi" time="39.343" classname="tests.android.security.Saha_Ekrani"/>
</testsuite> <!-- tests.android.security.Saha_Ekrani -->
