<?xml version="1.0" encoding="UTF-8"?>
<!-- Generated by org.testng.reporters.JUnitReportReporter -->
<testsuite skipped="0" hostname="DESKTOP-NQRRDTM" name="tests.Menu" tests="1" failures="0" timestamp="29 Tem 2020 11:37:21 GMT" time="43.082" errors="0">
  <testcase name="TC_067_Cikis" time="43.082" classname="tests.Menu"/>
</testsuite> <!-- tests.Menu -->
