<?xml version="1.0" encoding="UTF-8"?>
<!-- Generated by org.testng.reporters.JUnitReportReporter -->
<testsuite skipped="12" hostname="DESKTOP-NQRRDTM" name="tests.android.ride.Menu" tests="21" failures="2" timestamp="09 Kas 2020 09:29:04 GMT" time="1597.145" errors="2">
  <testcase name="tearDown" time="8.435" classname="tests.android.ride.Menu">
    <error type="org.openqa.selenium.NoSuchSessionException" message="A session is either terminated or not started
Build info: version: &#039;3.141.59&#039;, revision: &#039;e82be7d358&#039;, time: &#039;2018-11-14T08:17:03&#039;
System info: host: &#039;DESKTOP-NQRRDTM&#039;, ip: &#039;192.168.1.213&#039;, os.name: &#039;Windows 10&#039;, os.arch: &#039;amd64&#039;, os.version: &#039;10.0&#039;, java.version: &#039;1.8.0_241&#039;
Driver info: io.appium.java_client.android.AndroidDriver
Capabilities {appActivity: com.martitech.marti.ui.acti..., appPackage: com.martitech.marti.dev, autoGrantPermissions: true, databaseEnabled: false, desired: {appActivity: com.martitech.marti.ui.acti..., appPackage: com.martitech.marti.dev, autoGrantPermissions: true, deviceName: Emulator_1, noReset: true, platformName: android, platformVersion: 9.0, udid: emulator-5554}, deviceApiLevel: 29, deviceManufacturer: Google, deviceModel: Android SDK built for x86, deviceName: emulator-5554, deviceScreenDensity: 480, deviceScreenSize: 1080x1920, deviceUDID: emulator-5554, javascriptEnabled: true, locationContextEnabled: false, networkConnectionEnabled: true, noReset: true, pixelRatio: 3, platform: LINUX, platformName: Android, platformVersion: 10, statBarHeight: 72, takesScreenshot: true, udid: emulator-5554, viewportRect: {height: 1704, left: 0, top: 72, width: 1080}, warnings: {}, webStorageEnabled: false}
Session ID: 19d32528-8a25-48e9-bc51-e3eb0c10c949">
      <![CDATA[org.openqa.selenium.NoSuchSessionException: A session is either terminated or not started
Build info: version: '3.141.59', revision: 'e82be7d358', time: '2018-11-14T08:17:03'
System info: host: 'DESKTOP-NQRRDTM', ip: '192.168.1.213', os.name: 'Windows 10', os.arch: 'amd64', os.version: '10.0', java.version: '1.8.0_241'
Driver info: io.appium.java_client.android.AndroidDriver
Capabilities {appActivity: com.martitech.marti.ui.acti..., appPackage: com.martitech.marti.dev, autoGrantPermissions: true, databaseEnabled: false, desired: {appActivity: com.martitech.marti.ui.acti..., appPackage: com.martitech.marti.dev, autoGrantPermissions: true, deviceName: Emulator_1, noReset: true, platformName: android, platformVersion: 9.0, udid: emulator-5554}, deviceApiLevel: 29, deviceManufacturer: Google, deviceModel: Android SDK built for x86, deviceName: emulator-5554, deviceScreenDensity: 480, deviceScreenSize: 1080x1920, deviceUDID: emulator-5554, javascriptEnabled: true, locationContextEnabled: false, networkConnectionEnabled: true, noReset: true, pixelRatio: 3, platform: LINUX, platformName: Android, platformVersion: 10, statBarHeight: 72, takesScreenshot: true, udid: emulator-5554, viewportRect: {height: 1704, left: 0, top: 72, width: 1080}, warnings: {}, webStorageEnabled: false}
Session ID: 19d32528-8a25-48e9-bc51-e3eb0c10c949
at sun.reflect.NativeConstructorAccessorImpl.newInstance0(Native Method)
at sun.reflect.NativeConstructorAccessorImpl.newInstance(Unknown Source)
at sun.reflect.DelegatingConstructorAccessorImpl.newInstance(Unknown Source)
at java.lang.reflect.Constructor.newInstance(Unknown Source)
at org.openqa.selenium.remote.http.W3CHttpResponseCodec.createException(W3CHttpResponseCodec.java:187)
at org.openqa.selenium.remote.http.W3CHttpResponseCodec.decode(W3CHttpResponseCodec.java:122)
at org.openqa.selenium.remote.http.W3CHttpResponseCodec.decode(W3CHttpResponseCodec.java:49)
at org.openqa.selenium.remote.HttpCommandExecutor.execute(HttpCommandExecutor.java:158)
at io.appium.java_client.remote.AppiumCommandExecutor.execute(AppiumCommandExecutor.java:239)
at org.openqa.selenium.remote.RemoteWebDriver.execute(RemoteWebDriver.java:552)
at io.appium.java_client.DefaultGenericMobileDriver.execute(DefaultGenericMobileDriver.java:45)
at io.appium.java_client.AppiumDriver.execute(AppiumDriver.java:1)
at io.appium.java_client.android.AndroidDriver.execute(AndroidDriver.java:1)
at org.openqa.selenium.remote.RemoteWebDriver.getScreenshotAs(RemoteWebDriver.java:295)
at utilities.ExtentReportUtilities.getScreenshot(ExtentReportUtilities.java:16)
at utilities.TestBase.tearDown(TestBase.java:213)
at sun.reflect.GeneratedMethodAccessor6.invoke(Unknown Source)
at sun.reflect.DelegatingMethodAccessorImpl.invoke(Unknown Source)
at java.lang.reflect.Method.invoke(Unknown Source)
at org.testng.internal.MethodInvocationHelper.invokeMethod(MethodInvocationHelper.java:124)
at org.testng.internal.MethodInvocationHelper.invokeMethodConsideringTimeout(MethodInvocationHelper.java:59)
at org.testng.internal.Invoker.invokeConfigurationMethod(Invoker.java:458)
at org.testng.internal.Invoker.invokeConfigurations(Invoker.java:222)
at org.testng.internal.Invoker.invokeMethod(Invoker.java:646)
at org.testng.internal.Invoker.invokeTestMethod(Invoker.java:719)
at org.testng.internal.Invoker.invokeTestMethods(Invoker.java:989)
at org.testng.internal.TestMethodWorker.invokeTestMethods(TestMethodWorker.java:125)
at org.testng.internal.TestMethodWorker.run(TestMethodWorker.java:109)
at java.util.concurrent.ThreadPoolExecutor.runWorker(Unknown Source)
at java.util.concurrent.ThreadPoolExecutor$Worker.run(Unknown Source)
at java.lang.Thread.run(Unknown Source)
]]>
    </error>
  </testcase> <!-- tearDown -->
  <testcase name="TC_069_Versiyon_Kontrol" time="33.339" classname="tests.android.ride.Menu">
    <failure type="java.lang.AssertionError" message="expected [Mart覺 v1.5.8-dev] but found [Mart覺 v1.5.9-dev]">
      <![CDATA[java.lang.AssertionError: expected [Mart覺 v1.5.8-dev] but found [Mart覺 v1.5.9-dev]
at org.testng.Assert.fail(Assert.java:96)
at org.testng.Assert.failNotEquals(Assert.java:776)
at org.testng.Assert.assertEqualsImpl(Assert.java:137)
at org.testng.Assert.assertEquals(Assert.java:118)
at org.testng.Assert.assertEquals(Assert.java:453)
at org.testng.Assert.assertEquals(Assert.java:463)
at utilities.PageBaseAndroid.assertEquals(PageBaseAndroid.java:300)
at pages.android.ride.pageMenu.Versiyon_Kontrol(pageMenu.java:87)
at tests.android.ride.Menu.TC_069_Versiyon_Kontrol(Menu.java:50)
at sun.reflect.NativeMethodAccessorImpl.invoke0(Native Method)
at sun.reflect.NativeMethodAccessorImpl.invoke(Unknown Source)
at sun.reflect.DelegatingMethodAccessorImpl.invoke(Unknown Source)
at java.lang.reflect.Method.invoke(Unknown Source)
at org.testng.internal.MethodInvocationHelper.invokeMethod(MethodInvocationHelper.java:124)
at org.testng.internal.Invoker.invokeMethod(Invoker.java:583)
at org.testng.internal.Invoker.invokeTestMethod(Invoker.java:719)
at org.testng.internal.Invoker.invokeTestMethods(Invoker.java:989)
at org.testng.internal.TestMethodWorker.invokeTestMethods(TestMethodWorker.java:125)
at org.testng.internal.TestMethodWorker.run(TestMethodWorker.java:109)
at java.util.concurrent.ThreadPoolExecutor.runWorker(Unknown Source)
at java.util.concurrent.ThreadPoolExecutor$Worker.run(Unknown Source)
at java.lang.Thread.run(Unknown Source)
]]>
    </failure>
  </testcase> <!-- TC_069_Versiyon_Kontrol -->
  <testcase name="TC_070_Profil_Duzenleme" time="37.892" classname="tests.android.ride.Menu"/>
  <testcase name="TC_071_Cuzdana_Bakiye_Yukleme" time="30.601" classname="tests.android.ride.Menu"/>
  <testcase name="TC_072_Arkadasini_Davet_Et" time="40.020" classname="tests.android.ride.Menu">
    <failure type="java.lang.AssertionError" message="expected [1] but found [0]">
      <![CDATA[java.lang.AssertionError: expected [1] but found [0]
at org.testng.Assert.fail(Assert.java:96)
at org.testng.Assert.failNotEquals(Assert.java:776)
at org.testng.Assert.assertEqualsImpl(Assert.java:137)
at org.testng.Assert.assertEquals(Assert.java:118)
at org.testng.Assert.assertEquals(Assert.java:652)
at org.testng.Assert.assertEquals(Assert.java:662)
at utilities.PageBaseAndroid.assertEquals(PageBaseAndroid.java:305)
at pages.android.ride.pageMenu.Davet_Baglantisi_Gonderme(pageMenu.java:131)
at tests.android.ride.Menu.TC_072_Arkadasini_Davet_Et(Menu.java:107)
at sun.reflect.NativeMethodAccessorImpl.invoke0(Native Method)
at sun.reflect.NativeMethodAccessorImpl.invoke(Unknown Source)
at sun.reflect.DelegatingMethodAccessorImpl.invoke(Unknown Source)
at java.lang.reflect.Method.invoke(Unknown Source)
at org.testng.internal.MethodInvocationHelper.invokeMethod(MethodInvocationHelper.java:124)
at org.testng.internal.Invoker.invokeMethod(Invoker.java:583)
at org.testng.internal.Invoker.invokeTestMethod(Invoker.java:719)
at org.testng.internal.Invoker.invokeTestMethods(Invoker.java:989)
at org.testng.internal.TestMethodWorker.invokeTestMethods(TestMethodWorker.java:125)
at org.testng.internal.TestMethodWorker.run(TestMethodWorker.java:109)
at java.util.concurrent.ThreadPoolExecutor.runWorker(Unknown Source)
at java.util.concurrent.ThreadPoolExecutor$Worker.run(Unknown Source)
at java.lang.Thread.run(Unknown Source)
]]>
    </failure>
  </testcase> <!-- TC_072_Arkadasini_Davet_Et -->
  <testcase name="TC_073_Surusleri_Inceleme" time="22.695" classname="tests.android.ride.Menu"/>
  <testcase name="TC_074_Dil_Degistirme" time="41.585" classname="tests.android.ride.Menu"/>
  <testcase name="TC_075_Kampanyalari_Goruntule" time="14.554" classname="tests.android.ride.Menu"/>
  <testcase name="TC_076_Davet_Kodu_Girme" time="1272.744" classname="tests.android.ride.Menu">
    <error type="org.openqa.selenium.NoSuchSessionException" message="A session is either terminated or not started
Build info: version: &#039;3.141.59&#039;, revision: &#039;e82be7d358&#039;, time: &#039;2018-11-14T08:17:03&#039;
System info: host: &#039;DESKTOP-NQRRDTM&#039;, ip: &#039;192.168.1.213&#039;, os.name: &#039;Windows 10&#039;, os.arch: &#039;amd64&#039;, os.version: &#039;10.0&#039;, java.version: &#039;1.8.0_241&#039;
Driver info: io.appium.java_client.android.AndroidDriver
Capabilities {appActivity: com.martitech.marti.ui.acti..., appPackage: com.martitech.marti.dev, autoGrantPermissions: true, databaseEnabled: false, desired: {appActivity: com.martitech.marti.ui.acti..., appPackage: com.martitech.marti.dev, autoGrantPermissions: true, deviceName: Emulator_1, noReset: true, platformName: android, platformVersion: 9.0, udid: emulator-5554}, deviceApiLevel: 29, deviceManufacturer: Google, deviceModel: Android SDK built for x86, deviceName: emulator-5554, deviceScreenDensity: 480, deviceScreenSize: 1080x1920, deviceUDID: emulator-5554, javascriptEnabled: true, locationContextEnabled: false, networkConnectionEnabled: true, noReset: true, pixelRatio: 3, platform: LINUX, platformName: Android, platformVersion: 10, statBarHeight: 72, takesScreenshot: true, udid: emulator-5554, viewportRect: {height: 1704, left: 0, top: 72, width: 1080}, warnings: {}, webStorageEnabled: false}
Session ID: 19d32528-8a25-48e9-bc51-e3eb0c10c949">
      <![CDATA[org.openqa.selenium.NoSuchSessionException: A session is either terminated or not started
Build info: version: '3.141.59', revision: 'e82be7d358', time: '2018-11-14T08:17:03'
System info: host: 'DESKTOP-NQRRDTM', ip: '192.168.1.213', os.name: 'Windows 10', os.arch: 'amd64', os.version: '10.0', java.version: '1.8.0_241'
Driver info: io.appium.java_client.android.AndroidDriver
Capabilities {appActivity: com.martitech.marti.ui.acti..., appPackage: com.martitech.marti.dev, autoGrantPermissions: true, databaseEnabled: false, desired: {appActivity: com.martitech.marti.ui.acti..., appPackage: com.martitech.marti.dev, autoGrantPermissions: true, deviceName: Emulator_1, noReset: true, platformName: android, platformVersion: 9.0, udid: emulator-5554}, deviceApiLevel: 29, deviceManufacturer: Google, deviceModel: Android SDK built for x86, deviceName: emulator-5554, deviceScreenDensity: 480, deviceScreenSize: 1080x1920, deviceUDID: emulator-5554, javascriptEnabled: true, locationContextEnabled: false, networkConnectionEnabled: true, noReset: true, pixelRatio: 3, platform: LINUX, platformName: Android, platformVersion: 10, statBarHeight: 72, takesScreenshot: true, udid: emulator-5554, viewportRect: {height: 1704, left: 0, top: 72, width: 1080}, warnings: {}, webStorageEnabled: false}
Session ID: 19d32528-8a25-48e9-bc51-e3eb0c10c949
at sun.reflect.NativeConstructorAccessorImpl.newInstance0(Native Method)
at sun.reflect.NativeConstructorAccessorImpl.newInstance(Unknown Source)
at sun.reflect.DelegatingConstructorAccessorImpl.newInstance(Unknown Source)
at java.lang.reflect.Constructor.newInstance(Unknown Source)
at org.openqa.selenium.remote.http.W3CHttpResponseCodec.createException(W3CHttpResponseCodec.java:187)
at org.openqa.selenium.remote.http.W3CHttpResponseCodec.decode(W3CHttpResponseCodec.java:122)
at org.openqa.selenium.remote.http.W3CHttpResponseCodec.decode(W3CHttpResponseCodec.java:49)
at org.openqa.selenium.remote.HttpCommandExecutor.execute(HttpCommandExecutor.java:158)
at io.appium.java_client.remote.AppiumCommandExecutor.execute(AppiumCommandExecutor.java:239)
at org.openqa.selenium.remote.RemoteWebDriver.execute(RemoteWebDriver.java:552)
at io.appium.java_client.DefaultGenericMobileDriver.execute(DefaultGenericMobileDriver.java:41)
at io.appium.java_client.AppiumDriver.execute(AppiumDriver.java:1)
at io.appium.java_client.android.AndroidDriver.execute(AndroidDriver.java:1)
at org.openqa.selenium.remote.RemoteWebDriver$RemoteWebDriverOptions$RemoteTimeouts.implicitlyWait(RemoteWebDriver.java:780)
at utilities.PageBaseAndroid.exists(PageBaseAndroid.java:403)
at utilities.PageBaseAndroid.assertFound(PageBaseAndroid.java:335)
at pages.android.ride.pageMenu.Kampanyalar_Arkadasini_Davet_Et(pageMenu.java:109)
at tests.android.ride.Menu.TC_076_Davet_Kodu_Girme(Menu.java:188)
at sun.reflect.NativeMethodAccessorImpl.invoke0(Native Method)
at sun.reflect.NativeMethodAccessorImpl.invoke(Unknown Source)
at sun.reflect.DelegatingMethodAccessorImpl.invoke(Unknown Source)
at java.lang.reflect.Method.invoke(Unknown Source)
at org.testng.internal.MethodInvocationHelper.invokeMethod(MethodInvocationHelper.java:124)
at org.testng.internal.Invoker.invokeMethod(Invoker.java:583)
at org.testng.internal.Invoker.invokeTestMethod(Invoker.java:719)
at org.testng.internal.Invoker.invokeTestMethods(Invoker.java:989)
at org.testng.internal.TestMethodWorker.invokeTestMethods(TestMethodWorker.java:125)
at org.testng.internal.TestMethodWorker.run(TestMethodWorker.java:109)
at java.util.concurrent.ThreadPoolExecutor.runWorker(Unknown Source)
at java.util.concurrent.ThreadPoolExecutor$Worker.run(Unknown Source)
at java.lang.Thread.run(Unknown Source)
]]>
    </error>
  </testcase> <!-- TC_076_Davet_Kodu_Girme -->
  <testcase name="TC_077_Arkadasini_Davet_Etme" time="9.468" classname="tests.android.ride.Menu">
    <skipped/>
  </testcase> <!-- TC_077_Arkadasini_Davet_Etme -->
  <testcase name="TC_078_Nasil_Kullanilir_Erisim" time="8.432" classname="tests.android.ride.Menu">
    <skipped/>
  </testcase> <!-- TC_078_Nasil_Kullanilir_Erisim -->
  <testcase name="TC_079_Guvenlik_Dokumanina_Erisim" time="8.873" classname="tests.android.ride.Menu">
    <skipped/>
  </testcase> <!-- TC_079_Guvenlik_Dokumanina_Erisim -->
  <testcase name="TC_080_Surus_Kurallarina_Erisim" time="7.412" classname="tests.android.ride.Menu">
    <skipped/>
  </testcase> <!-- TC_080_Surus_Kurallarina_Erisim -->
  <testcase name="TC_081_Cikis" time="9.052" classname="tests.android.ride.Menu">
    <skipped/>
  </testcase> <!-- TC_081_Cikis -->
  <testcase name="TC_082_Yardim_Dokumanina_Erisim" time="8.912" classname="tests.android.ride.Menu">
    <skipped/>
  </testcase> <!-- TC_082_Yardim_Dokumanina_Erisim -->
  <testcase name="TC_083_Kvkk_Aydinlatma_Metnine_Erisim" time="9.376" classname="tests.android.ride.Menu">
    <skipped/>
  </testcase> <!-- TC_083_Kvkk_Aydinlatma_Metnine_Erisim -->
  <testcase name="TC_084_Kullanici_Sozlesmesine_Erisim" time="8.991" classname="tests.android.ride.Menu">
    <skipped/>
  </testcase> <!-- TC_084_Kullanici_Sozlesmesine_Erisim -->
  <testcase name="TC_090_Kredi_Karti_Ekleme_Basarisiz" time="9.289" classname="tests.android.ride.Menu">
    <skipped/>
  </testcase> <!-- TC_090_Kredi_Karti_Ekleme_Basarisiz -->
  <testcase name="TC_100_Varsayilan_Kredi_Karti_Degistirme" time="8.540" classname="tests.android.ride.Menu">
    <skipped/>
  </testcase> <!-- TC_100_Varsayilan_Kredi_Karti_Degistirme -->
  <testcase name="TC_101_Kredi_Karti_Ekleme_Basarili" time="6.935" classname="tests.android.ride.Menu">
    <skipped/>
  </testcase> <!-- TC_101_Kredi_Karti_Ekleme_Basarili -->
  <testcase name="TC_102_Kupon_Ekleme" time="0.000" classname="tests.android.ride.Menu">
    <skipped/>
  </testcase> <!-- TC_102_Kupon_Ekleme -->
</testsuite> <!-- tests.android.ride.Menu -->
