<?xml version="1.0" encoding="UTF-8"?>
<!-- Generated by org.testng.reporters.JUnitReportReporter -->
<testsuite skipped="0" hostname="DESKTOP-NQRRDTM" name="tests.android.security.Saha_Ekrani" tests="1" failures="0" timestamp="30 Eyl 2020 12:16:02 GMT" time="29.025" errors="0">
  <testcase name="TC_049_Depoya_Git_Secenegi" time="29.025" classname="tests.android.security.Saha_Ekrani"/>
</testsuite> <!-- tests.android.security.Saha_Ekrani -->
