<?xml version="1.0" encoding="UTF-8"?>
<!-- Generated by org.testng.reporters.JUnitReportReporter -->
<testsuite skipped="0" hostname="DESKTOP-NQRRDTM" name="tests.Giris_Ekrani" tests="5" failures="0" timestamp="24 Tem 2020 16:26:55 GMT" time="264.978" errors="0">
  <testcase name="TC_011_Giris_Basarisiz" time="43.491" classname="tests.Giris_Ekrani"/>
  <testcase name="TC_012_Dogrulama_Basarisiz" time="59.615" classname="tests.Giris_Ekrani"/>
  <testcase name="TC_013_Tekrar_Kod_Gonder" time="70.176" classname="tests.Giris_Ekrani"/>
  <testcase name="TC_014_Kullanici_Sozlesmesi" time="45.721" classname="tests.Giris_Ekrani"/>
  <testcase name="TC_015_Ulke_Kodu_Degistirme" time="45.975" classname="tests.Giris_Ekrani"/>
</testsuite> <!-- tests.Giris_Ekrani -->
