<?xml version="1.0" encoding="UTF-8"?>
<!-- Generated by org.testng.reporters.JUnitReportReporter -->
<testsuite skipped="0" hostname="DESKTOP-NQRRDTM" name="tests.ios.ride.Borclar" tests="5" failures="0" timestamp="15 Eki 2020 12:37:34 GMT" time="383.631" errors="0">
  <testcase name="TC_029_Borclu_Kullanici" time="56.860" classname="tests.ios.ride.Borclar"/>
  <testcase name="TC_030_Borclu_Kullanici_Plus_15" time="85.045" classname="tests.ios.ride.Borclar"/>
  <testcase name="TC_031_Borc_Odeme" time="74.415" classname="tests.ios.ride.Borclar"/>
  <testcase name="TC_032_Borc_Odeme_Islemi_Basarili" time="83.094" classname="tests.ios.ride.Borclar"/>
  <testcase name="TC_033_Borc_Odeme_Islemi_Basarisiz" time="84.217" classname="tests.ios.ride.Borclar"/>
</testsuite> <!-- tests.ios.ride.Borclar -->
