<?xml version="1.0" encoding="UTF-8"?>
<!-- Generated by org.testng.reporters.JUnitReportReporter -->
<testsuite skipped="0" hostname="DESKTOP-NQRRDTM" name="tests.android.ride.Giris_Ekrani" tests="8" failures="0" timestamp="26 Eki 2020 05:46:16 GMT" time="271.723" errors="0">
  <testcase name="TC_012_Giris_Basarili" time="34.943" classname="tests.android.ride.Giris_Ekrani"/>
  <testcase name="TC_013_Giris_Basarisiz" time="18.822" classname="tests.android.ride.Giris_Ekrani"/>
  <testcase name="TC_014_Dogrulama_Basarisiz" time="24.267" classname="tests.android.ride.Giris_Ekrani"/>
  <testcase name="TC_015_Tekrar_Kod_Gonder" time="108.875" classname="tests.android.ride.Giris_Ekrani"/>
  <testcase name="TC_016_Kullanici_Sozlesmesi_Goster_Onayla" time="23.797" classname="tests.android.ride.Giris_Ekrani"/>
  <testcase name="TC_017_Aydinlatma_Metni_Goster_Onayla" time="19.884" classname="tests.android.ride.Giris_Ekrani"/>
  <testcase name="TC_018_Acik_Riza_Metni_Goster_Onayla" time="24.928" classname="tests.android.ride.Giris_Ekrani"/>
  <testcase name="TC_019_Ulke_Kodu_Degistirme" time="16.207" classname="tests.android.ride.Giris_Ekrani"/>
</testsuite> <!-- tests.android.ride.Giris_Ekrani -->
