<?xml version="1.0" encoding="UTF-8"?>
<!-- Generated by org.testng.reporters.JUnitReportReporter -->
<testsuite skipped="0" hostname="DESKTOP-NQRRDTM" name="tests.ios.ride.Yukleme_Ekrani" tests="5" failures="0" timestamp="15 Eki 2020 12:37:34 GMT" time="285.424" errors="0">
  <testcase name="TC_002_Uygulama_Baslangici_Basarili" time="39.290" classname="tests.ios.ride.Yukleme_Ekrani"/>
  <testcase name="TC_004_Oturum_Kontrolu_Basarili" time="57.554" classname="tests.ios.ride.Yukleme_Ekrani"/>
  <testcase name="TC_005_Surus_Kontrolu" time="81.680" classname="tests.ios.ride.Yukleme_Ekrani"/>
  <testcase name="TC_007_Tckn_Kontrolu" time="50.716" classname="tests.ios.ride.Yukleme_Ekrani"/>
  <testcase name="TC_009_Dinamik_Bildirim_Kontrolu" time="56.184" classname="tests.ios.ride.Yukleme_Ekrani"/>
</testsuite> <!-- tests.ios.ride.Yukleme_Ekrani -->
