<?xml version="1.0" encoding="UTF-8"?>
<!-- Generated by org.testng.reporters.JUnitReportReporter -->
<testsuite skipped="0" hostname="DESKTOP-NQRRDTM" name="tests.ride.api.Marti_App_API" tests="1" failures="0" timestamp="10 Eyl 2020 11:48:15 GMT" time="79.545" errors="0">
  <testcase name="TC_001_app_getConfig" time="79.545" classname="tests.ride.api.Marti_App_API"/>
</testsuite> <!-- tests.ride.api.Marti_App_API -->
