<?xml version="1.0" encoding="UTF-8"?>
<!-- Generated by org.testng.reporters.JUnitReportReporter -->
<testsuite skipped="0" hostname="DESKTOP-NQRRDTM" name="tests.android.security.Ana_Ekran" tests="2" failures="0" timestamp="06 Eki 2020 10:27:59 GMT" time="53.527" errors="0">
  <testcase name="TC_018_Arac_Teslim_Al" time="28.706" classname="tests.android.security.Ana_Ekran"/>
  <testcase name="TC_019_Giris_Basarili" time="24.821" classname="tests.android.security.Ana_Ekran"/>
</testsuite> <!-- tests.android.security.Ana_Ekran -->
