<?xml version="1.0" encoding="UTF-8"?>
<!-- Generated by org.testng.reporters.JUnitReportReporter -->
<testsuite skipped="4" hostname="DESKTOP-NQRRDTM" name="tests.ios.ride.Surus" tests="6" failures="0" timestamp="30 Eki 2020 08:55:33 GMT" time="1009.536" errors="2">
  <testcase name="tearDown" time="59.138" classname="tests.ios.ride.Surus">
    <error type="java.lang.NullPointerException">
      <![CDATA[java.lang.NullPointerException
at utilities.ExtentReportUtilities.getScreenshot(ExtentReportUtilities.java:16)
at utilities.TestBase.tearDown(TestBase.java:216)
at sun.reflect.NativeMethodAccessorImpl.invoke0(Native Method)
at sun.reflect.NativeMethodAccessorImpl.invoke(Unknown Source)
at sun.reflect.DelegatingMethodAccessorImpl.invoke(Unknown Source)
at java.lang.reflect.Method.invoke(Unknown Source)
at org.testng.internal.MethodInvocationHelper.invokeMethod(MethodInvocationHelper.java:124)
at org.testng.internal.MethodInvocationHelper.invokeMethodConsideringTimeout(MethodInvocationHelper.java:59)
at org.testng.internal.Invoker.invokeConfigurationMethod(Invoker.java:458)
at org.testng.internal.Invoker.invokeConfigurations(Invoker.java:222)
at org.testng.internal.Invoker.invokeMethod(Invoker.java:646)
at org.testng.internal.Invoker.invokeTestMethod(Invoker.java:719)
at org.testng.internal.Invoker.invokeTestMethods(Invoker.java:989)
at org.testng.internal.TestMethodWorker.invokeTestMethods(TestMethodWorker.java:125)
at org.testng.internal.TestMethodWorker.run(TestMethodWorker.java:109)
at java.util.concurrent.ThreadPoolExecutor.runWorker(Unknown Source)
at java.util.concurrent.ThreadPoolExecutor$Worker.run(Unknown Source)
at java.lang.Thread.run(Unknown Source)
]]>
    </error>
  </testcase> <!-- tearDown -->
  <testcase name="TC_064_Surus_Bitir_Basarili" time="160.348" classname="tests.ios.ride.Surus">
    <error type="java.lang.NullPointerException">
      <![CDATA[java.lang.NullPointerException
at java.util.Objects.requireNonNull(Unknown Source)
at org.openqa.selenium.support.ui.FluentWait.<init>(FluentWait.java:106)
at org.openqa.selenium.support.ui.WebDriverWait.<init>(WebDriverWait.java:85)
at org.openqa.selenium.support.ui.WebDriverWait.<init>(WebDriverWait.java:45)
at utilities.PageBaseIos.<init>(PageBaseIos.java:36)
at pages.ios.ride.pageSurus.<init>(pageSurus.java:17)
at tests.ios.ride.Surus.TC_064_Surus_Bitir_Basarili(Surus.java:598)
at sun.reflect.NativeMethodAccessorImpl.invoke0(Native Method)
at sun.reflect.NativeMethodAccessorImpl.invoke(Unknown Source)
at sun.reflect.DelegatingMethodAccessorImpl.invoke(Unknown Source)
at java.lang.reflect.Method.invoke(Unknown Source)
at org.testng.internal.MethodInvocationHelper.invokeMethod(MethodInvocationHelper.java:124)
at org.testng.internal.Invoker.invokeMethod(Invoker.java:583)
at org.testng.internal.Invoker.invokeTestMethod(Invoker.java:719)
at org.testng.internal.Invoker.invokeTestMethods(Invoker.java:989)
at org.testng.internal.TestMethodWorker.invokeTestMethods(TestMethodWorker.java:125)
at org.testng.internal.TestMethodWorker.run(TestMethodWorker.java:109)
at java.util.concurrent.ThreadPoolExecutor.runWorker(Unknown Source)
at java.util.concurrent.ThreadPoolExecutor$Worker.run(Unknown Source)
at java.lang.Thread.run(Unknown Source)
]]>
    </error>
  </testcase> <!-- TC_064_Surus_Bitir_Basarili -->
  <testcase name="TC_065_Surus_Bitir_Basarili_Wallet" time="611.434" classname="tests.ios.ride.Surus">
    <skipped/>
  </testcase> <!-- TC_065_Surus_Bitir_Basarili_Wallet -->
  <testcase name="TC_066_Surus_Bitir_Basarisiz_Wallet_Yetersiz" time="134.563" classname="tests.ios.ride.Surus">
    <skipped/>
  </testcase> <!-- TC_066_Surus_Bitir_Basarisiz_Wallet_Yetersiz -->
  <testcase name="TC_067_Surus_Bitir_Basarili_Kupon_Kullanildi" time="44.053" classname="tests.ios.ride.Surus">
    <skipped/>
  </testcase> <!-- TC_067_Surus_Bitir_Basarili_Kupon_Kullanildi -->
  <testcase name="TC_068_Uygulama_Degerlendirme" time="0.000" classname="tests.ios.ride.Surus">
    <skipped/>
  </testcase> <!-- TC_068_Uygulama_Degerlendirme -->
</testsuite> <!-- tests.ios.ride.Surus -->
