<?xml version="1.0" encoding="UTF-8"?>
<!-- Generated by org.testng.reporters.JUnitReportReporter -->
<testsuite skipped="0" hostname="DESKTOP-NQRRDTM" name="tests.Borclar" tests="5" failures="0" timestamp="04 Eyl 2020 14:28:28 GMT" time="376.151" errors="0">
  <testcase name="TC_029_Borclu_Kullanici" time="73.841" classname="tests.Borclar"/>
  <testcase name="TC_030_Borclu_Kullanici_Plus_15" time="72.015" classname="tests.Borclar"/>
  <testcase name="TC_031_Borc_Odeme" time="73.575" classname="tests.Borclar"/>
  <testcase name="TC_032_Borc_Odeme_Islemi_Basarili" time="77.536" classname="tests.Borclar"/>
  <testcase name="TC_033_Borc_Odeme_Islemi_Basarisiz" time="79.184" classname="tests.Borclar"/>
</testsuite> <!-- tests.Borclar -->
