<?xml version="1.0" encoding="UTF-8"?>
<!-- Generated by org.testng.reporters.JUnitReportReporter -->
<testsuite skipped="0" hostname="DESKTOP-NQRRDTM" name="tests.android.ride.Borclar" tests="5" failures="0" timestamp="12 Eki 2020 12:12:30 GMT" time="151.145" errors="0">
  <testcase name="TC_029_Borclu_Kullanici" time="29.654" classname="tests.android.ride.Borclar"/>
  <testcase name="TC_030_Borclu_Kullanici_Plus_15" time="27.956" classname="tests.android.ride.Borclar"/>
  <testcase name="TC_031_Borc_Odeme" time="30.268" classname="tests.android.ride.Borclar"/>
  <testcase name="TC_032_Borc_Odeme_Islemi_Basarili" time="31.304" classname="tests.android.ride.Borclar"/>
  <testcase name="TC_033_Borc_Odeme_Islemi_Basarisiz" time="31.963" classname="tests.android.ride.Borclar"/>
</testsuite> <!-- tests.android.ride.Borclar -->
