<?xml version="1.0" encoding="UTF-8"?>
<!-- Generated by org.testng.reporters.JUnitReportReporter -->
<testsuite skipped="0" hostname="DESKTOP-NQRRDTM" name="tests.android.ride.Yukleme_Ekrani" tests="3" failures="1" timestamp="09 Eki 2020 13:41:40 GMT" time="144.133" errors="0">
  <testcase name="TC_004_Oturum_Kontrolu_Basarili" time="30.116" classname="tests.android.ride.Yukleme_Ekrani"/>
  <testcase name="TC_005_Surus_Kontrolu" time="73.728" classname="tests.android.ride.Yukleme_Ekrani">
    <failure type="java.lang.AssertionError" message="element : #btnEndRide || expected [true] but found [false]">
      <![CDATA[java.lang.AssertionError: element : #btnEndRide || expected [true] but found [false]
at org.testng.Assert.fail(Assert.java:96)
at org.testng.Assert.failNotEquals(Assert.java:776)
at org.testng.Assert.assertTrue(Assert.java:44)
at utilities.PageBaseAndroid.assertFound(PageBaseAndroid.java:323)
at pages.android.ride.pageYuklemeEkrani.Surus_Kontrolu(pageYuklemeEkrani.java:147)
at tests.android.ride.Yukleme_Ekrani.TC_005_Surus_Kontrolu(Yukleme_Ekrani.java:105)
at sun.reflect.NativeMethodAccessorImpl.invoke0(Native Method)
at sun.reflect.NativeMethodAccessorImpl.invoke(Unknown Source)
at sun.reflect.DelegatingMethodAccessorImpl.invoke(Unknown Source)
at java.lang.reflect.Method.invoke(Unknown Source)
at org.testng.internal.MethodInvocationHelper.invokeMethod(MethodInvocationHelper.java:124)
at org.testng.internal.Invoker.invokeMethod(Invoker.java:583)
at org.testng.internal.Invoker.invokeTestMethod(Invoker.java:719)
at org.testng.internal.Invoker.invokeTestMethods(Invoker.java:989)
at org.testng.internal.TestMethodWorker.invokeTestMethods(TestMethodWorker.java:125)
at org.testng.internal.TestMethodWorker.run(TestMethodWorker.java:109)
at java.util.concurrent.ThreadPoolExecutor.runWorker(Unknown Source)
at java.util.concurrent.ThreadPoolExecutor$Worker.run(Unknown Source)
at java.lang.Thread.run(Unknown Source)
]]>
    </failure>
  </testcase> <!-- TC_005_Surus_Kontrolu -->
  <testcase name="TC_007_Tckn_Kontrolu" time="40.289" classname="tests.android.ride.Yukleme_Ekrani"/>
</testsuite> <!-- tests.android.ride.Yukleme_Ekrani -->
