<?xml version="1.0" encoding="UTF-8"?>
<!-- Generated by org.testng.reporters.JUnitReportReporter -->
<testsuite skipped="0" hostname="DESKTOP-NQRRDTM" name="tests.android.security.Tum_Islerim" tests="1" failures="0" timestamp="30 Eyl 2020 12:42:32 GMT" time="44.722" errors="0">
  <testcase name="TC_056_Tum_Islerim_Detay_Aktif_Isi_Var" time="44.722" classname="tests.android.security.Tum_Islerim"/>
</testsuite> <!-- tests.android.security.Tum_Islerim -->
