<?xml version="1.0" encoding="UTF-8"?>
<!-- Generated by org.testng.reporters.JUnitReportReporter -->
<testsuite skipped="0" hostname="DESKTOP-NQRRDTM" name="tests.android.ride.Ana_Ekran" tests="12" failures="0" timestamp="12 Eki 2020 12:12:30 GMT" time="467.629" errors="0">
  <testcase name="TC_016_Surus_Baslat" time="45.631" classname="tests.android.ride.Ana_Ekran"/>
  <testcase name="TC_017_Tckn_Gecersiz" time="34.126" classname="tests.android.ride.Ana_Ekran"/>
  <testcase name="TC_018_Odeme_Yontemi_Yok" time="49.706" classname="tests.android.ride.Ana_Ekran"/>
  <testcase name="TC_020_Surus_Baslatma_Kod_Girisi" time="36.325" classname="tests.android.ride.Ana_Ekran"/>
  <testcase name="TC_021_Surus_Baslat_Basarili" time="52.099" classname="tests.android.ride.Ana_Ekran"/>
  <testcase name="TC_022_Surus_Baslat_Basarisiz_Martiya_Uzak" time="34.410" classname="tests.android.ride.Ana_Ekran"/>
  <testcase name="TC_023_Daha_Cok_Marti" time="20.991" classname="tests.android.ride.Ana_Ekran"/>
  <testcase name="TC_024_Bize_Ulasin_Kilit_Problemi_Bildirme" time="64.048" classname="tests.android.ride.Ana_Ekran"/>
  <testcase name="TC_025_Bize_Ulasin_Hasarli_Sorunlu_Marti_Bildirme" time="40.835" classname="tests.android.ride.Ana_Ekran"/>
  <testcase name="TC_026_Bize_Ulasin_Yanlis_Park" time="36.509" classname="tests.android.ride.Ana_Ekran"/>
  <testcase name="TC_027_Bize_Ulasin_Acil_Durum_Paylas" time="30.343" classname="tests.android.ride.Ana_Ekran"/>
  <testcase name="TC_028_Bildirimleri_Kontrol_Etme" time="22.606" classname="tests.android.ride.Ana_Ekran"/>
</testsuite> <!-- tests.android.ride.Ana_Ekran -->
