<?xml version="1.0" encoding="UTF-8"?>
<!-- Generated by org.testng.reporters.JUnitReportReporter -->
<testsuite skipped="0" hostname="DESKTOP-NQRRDTM" name="tests.android.ride.Ana_Ekran" tests="23" failures="0" timestamp="26 Eki 2020 05:46:16 GMT" time="631.343" errors="0">
  <testcase name="TC_020_Konum_Izin_Kontrolu" time="11.833" classname="tests.android.ride.Ana_Ekran"/>
  <testcase name="TC_021_Bildirim_Izin_Kontrolu" time="12.027" classname="tests.android.ride.Ana_Ekran"/>
  <testcase name="TC_022_Dinamik_Popup_Goster" time="39.759" classname="tests.android.ride.Ana_Ekran"/>
  <testcase name="TC_023_Dinamik_Popup_Gosterme_Popup_Yok" time="41.887" classname="tests.android.ride.Ana_Ekran"/>
  <testcase name="TC_024_Dinamik_Popup_Gosterme_Acik_Riza_Yok" time="32.983" classname="tests.android.ride.Ana_Ekran"/>
  <testcase name="TC_025_Acik_Riza_Hatirlatma_Gosterme" time="26.245" classname="tests.android.ride.Ana_Ekran"/>
  <testcase name="TC_026_Acik_Riza_Hatirlatma_Goster_Onay" time="27.167" classname="tests.android.ride.Ana_Ekran"/>
  <testcase name="TC_027_Scooter_Bilgileri_Goster" time="10.288" classname="tests.android.ride.Ana_Ekran"/>
  <testcase name="TC_028_Surus_Baslat" time="42.334" classname="tests.android.ride.Ana_Ekran"/>
  <testcase name="TC_029_Tckn_Gecersiz" time="26.611" classname="tests.android.ride.Ana_Ekran"/>
  <testcase name="TC_030_Odeme_Yontemi_Yok_Kart_Yok" time="26.227" classname="tests.android.ride.Ana_Ekran"/>
  <testcase name="TC_031_Odeme_Yontemi_Yok_Bakiye_Yetersiz" time="17.610" classname="tests.android.ride.Ana_Ekran"/>
  <testcase name="TC_032_Surus_Baslatma_Kamera_Izni_Verilmemis" time="17.730" classname="tests.android.ride.Ana_Ekran"/>
  <testcase name="TC_033_Surus_Baslat_Kod_Girisi" time="25.628" classname="tests.android.ride.Ana_Ekran"/>
  <testcase name="TC_034_Surus_Baslat_Basarili" time="51.105" classname="tests.android.ride.Ana_Ekran"/>
  <testcase name="TC_035_Surus_Baslat_Basarisiz_Martiya_Uzak" time="30.452" classname="tests.android.ride.Ana_Ekran"/>
  <testcase name="TC_036_Daha_Cok_Marti" time="19.373" classname="tests.android.ride.Ana_Ekran"/>
  <testcase name="TC_037_Ortalama" time="18.182" classname="tests.android.ride.Ana_Ekran"/>
  <testcase name="TC_038_Bize_Ulasin_Kilit_Problemi_Bildirme" time="35.379" classname="tests.android.ride.Ana_Ekran"/>
  <testcase name="TC_039_Bize_Ulasin_Hasarli_Sorunlu_Marti_Bildirme" time="36.878" classname="tests.android.ride.Ana_Ekran"/>
  <testcase name="TC_040_Bize_Ulasin_Yanlis_Park" time="35.251" classname="tests.android.ride.Ana_Ekran"/>
  <testcase name="TC_041_Bize_Ulasin_Acil_Durum_Paylas" time="26.355" classname="tests.android.ride.Ana_Ekran"/>
  <testcase name="TC_042_Bildirimleri_Kontrol_Etme" time="20.039" classname="tests.android.ride.Ana_Ekran"/>
</testsuite> <!-- tests.android.ride.Ana_Ekran -->
