<?xml version="1.0" encoding="UTF-8"?>
<!-- Generated by org.testng.reporters.JUnitReportReporter -->
<testsuite skipped="0" hostname="DESKTOP-NQRRDTM" name="tests.android.ride.Borclar" tests="5" failures="0" timestamp="09 Eki 2020 13:41:40 GMT" time="210.566" errors="0">
  <testcase name="TC_029_Borclu_Kullanici" time="40.096" classname="tests.android.ride.Borclar"/>
  <testcase name="TC_030_Borclu_Kullanici_Plus_15" time="38.798" classname="tests.android.ride.Borclar"/>
  <testcase name="TC_031_Borc_Odeme" time="40.281" classname="tests.android.ride.Borclar"/>
  <testcase name="TC_032_Borc_Odeme_Islemi_Basarili" time="45.963" classname="tests.android.ride.Borclar"/>
  <testcase name="TC_033_Borc_Odeme_Islemi_Basarisiz" time="45.428" classname="tests.android.ride.Borclar"/>
</testsuite> <!-- tests.android.ride.Borclar -->
