<?xml version="1.0" encoding="UTF-8"?>
<!-- Generated by org.testng.reporters.JUnitReportReporter -->
<testsuite skipped="0" hostname="DESKTOP-NQRRDTM" name="tests.android.ride.Ana_Ekran" tests="12" failures="1" timestamp="09 Eki 2020 13:41:40 GMT" time="526.733" errors="0">
  <testcase name="TC_016_Surus_Baslat" time="69.113" classname="tests.android.ride.Ana_Ekran">
    <failure type="java.lang.AssertionError" message="element : #light || expected [true] but found [false]">
      <![CDATA[java.lang.AssertionError: element : #light || expected [true] but found [false]
at org.testng.Assert.fail(Assert.java:96)
at org.testng.Assert.failNotEquals(Assert.java:776)
at org.testng.Assert.assertTrue(Assert.java:44)
at utilities.PageBaseAndroid.assertFound(PageBaseAndroid.java:323)
at pages.android.ride.pageAnaEkran.Surus_Baslat(pageAnaEkran.java:74)
at tests.android.ride.Ana_Ekran.TC_016_Surus_Baslat(Ana_Ekran.java:52)
at sun.reflect.NativeMethodAccessorImpl.invoke0(Native Method)
at sun.reflect.NativeMethodAccessorImpl.invoke(Unknown Source)
at sun.reflect.DelegatingMethodAccessorImpl.invoke(Unknown Source)
at java.lang.reflect.Method.invoke(Unknown Source)
at org.testng.internal.MethodInvocationHelper.invokeMethod(MethodInvocationHelper.java:124)
at org.testng.internal.Invoker.invokeMethod(Invoker.java:583)
at org.testng.internal.Invoker.invokeTestMethod(Invoker.java:719)
at org.testng.internal.Invoker.invokeTestMethods(Invoker.java:989)
at org.testng.internal.TestMethodWorker.invokeTestMethods(TestMethodWorker.java:125)
at org.testng.internal.TestMethodWorker.run(TestMethodWorker.java:109)
at java.util.concurrent.ThreadPoolExecutor.runWorker(Unknown Source)
at java.util.concurrent.ThreadPoolExecutor$Worker.run(Unknown Source)
at java.lang.Thread.run(Unknown Source)
]]>
    </failure>
  </testcase> <!-- TC_016_Surus_Baslat -->
  <testcase name="TC_017_Tckn_Gecersiz" time="39.409" classname="tests.android.ride.Ana_Ekran"/>
  <testcase name="TC_018_Odeme_Yontemi_Yok" time="37.334" classname="tests.android.ride.Ana_Ekran"/>
  <testcase name="TC_020_Surus_Baslatma_Kod_Girisi" time="38.537" classname="tests.android.ride.Ana_Ekran"/>
  <testcase name="TC_021_Surus_Baslat_Basarili" time="43.360" classname="tests.android.ride.Ana_Ekran"/>
  <testcase name="TC_022_Surus_Baslat_Basarisiz_Martiya_Uzak" time="43.869" classname="tests.android.ride.Ana_Ekran"/>
  <testcase name="TC_023_Daha_Cok_Marti" time="31.191" classname="tests.android.ride.Ana_Ekran"/>
  <testcase name="TC_024_Bize_Ulasin_Kilit_Problemi_Bildirme" time="47.934" classname="tests.android.ride.Ana_Ekran"/>
  <testcase name="TC_025_Bize_Ulasin_Hasarli_Sorunlu_Marti_Bildirme" time="55.404" classname="tests.android.ride.Ana_Ekran"/>
  <testcase name="TC_026_Bize_Ulasin_Yanlis_Park" time="44.108" classname="tests.android.ride.Ana_Ekran"/>
  <testcase name="TC_027_Bize_Ulasin_Acil_Durum_Paylas" time="40.895" classname="tests.android.ride.Ana_Ekran"/>
  <testcase name="TC_028_Bildirimleri_Kontrol_Etme" time="35.579" classname="tests.android.ride.Ana_Ekran"/>
</testsuite> <!-- tests.android.ride.Ana_Ekran -->
