<?xml version="1.0" encoding="UTF-8"?>
<!-- Generated by org.testng.reporters.JUnitReportReporter -->
<testsuite skipped="0" hostname="DESKTOP-NQRRDTM" name="tests.android.security.Arac_Teslim" tests="11" failures="0" timestamp="06 Eki 2020 10:27:59 GMT" time="544.076" errors="0">
  <testcase name="TC_026_Arac_Teslim_Al_Basarili_Sorun_Yok" time="47.335" classname="tests.android.security.Arac_Teslim"/>
  <testcase name="TC_027_Arac_Teslim_Al_Basarili_Sorun_Var" time="53.931" classname="tests.android.security.Arac_Teslim"/>
  <testcase name="TC_028_Arac_Teslim_Al_Basarili_Yanci" time="31.394" classname="tests.android.security.Arac_Teslim"/>
  <testcase name="TC_031_Arac_Teslim_Al_Basarisiz_Hatali_KM" time="46.497" classname="tests.android.security.Arac_Teslim"/>
  <testcase name="TC_032_Arac_Teslim_Al_Basarisiz_Eksik_Foto" time="44.216" classname="tests.android.security.Arac_Teslim"/>
  <testcase name="TC_033_Arac_Teslim_Al_Basarisiz_Eksik_Detay" time="67.282" classname="tests.android.security.Arac_Teslim"/>
  <testcase name="TC_034_Arac_Teslim_Et_Basarili_Sorun_Yok" time="56.216" classname="tests.android.security.Arac_Teslim"/>
  <testcase name="TC_035_Arac_Teslim_Et_Basarili_Sorun_Var" time="50.845" classname="tests.android.security.Arac_Teslim"/>
  <testcase name="TC_039_Arac_Teslim_Et_Basarisiz_Hatali_KM" time="49.432" classname="tests.android.security.Arac_Teslim"/>
  <testcase name="TC_040_Arac_Teslim_Et_Basarisiz_Eksik_Foto" time="46.099" classname="tests.android.security.Arac_Teslim"/>
  <testcase name="TC_041_Arac_Teslim_Et_Basarisiz_Eksik_Detay" time="50.829" classname="tests.android.security.Arac_Teslim"/>
</testsuite> <!-- tests.android.security.Arac_Teslim -->
