<?xml version="1.0" encoding="UTF-8"?>
<!-- Generated by org.testng.reporters.JUnitReportReporter -->
<testsuite skipped="0" hostname="DESKTOP-NQRRDTM" name="tests.android.ride.Surus" tests="20" failures="0" timestamp="26 Eki 2020 05:46:16 GMT" time="683.849" errors="1">
  <testcase name="TC_049_Surus_Basladi_Kodlu_Kilit" time="52.027" classname="tests.android.ride.Surus"/>
  <testcase name="TC_050_Surus_Basladi_IOT_Kilit" time="27.362" classname="tests.android.ride.Surus"/>
  <testcase name="TC_051_Nasil_Surulur_Gecilmemis" time="62.158" classname="tests.android.ride.Surus"/>
  <testcase name="TC_052_Surus_45sn_Kontrol" time="26.390" classname="tests.android.ride.Surus"/>
  <testcase name="TC_053_Acil_Mudahale" time="48.292" classname="tests.android.ride.Surus">
    <error type="org.openqa.selenium.TimeoutException" message="Expected condition failed: waiting for element to be clickable: By.id: needHelp (tried for 30 second(s) with 500 milliseconds interval)">
      <![CDATA[org.openqa.selenium.TimeoutException: Expected condition failed: waiting for element to be clickable: By.id: needHelp (tried for 30 second(s) with 500 milliseconds interval)
at org.openqa.selenium.support.ui.WebDriverWait.timeoutException(WebDriverWait.java:95)
at org.openqa.selenium.support.ui.FluentWait.until(FluentWait.java:272)
at utilities.PageBaseAndroid.waitClickable(PageBaseAndroid.java:156)
at utilities.PageBaseAndroid.click(PageBaseAndroid.java:188)
at pages.android.ride.pageSurus.Acil_Mudahale(pageSurus.java:123)
at tests.android.ride.Surus.TC_053_Acil_Mudahale(Surus.java:211)
at sun.reflect.NativeMethodAccessorImpl.invoke0(Native Method)
at sun.reflect.NativeMethodAccessorImpl.invoke(Unknown Source)
at sun.reflect.DelegatingMethodAccessorImpl.invoke(Unknown Source)
at java.lang.reflect.Method.invoke(Unknown Source)
at org.testng.internal.MethodInvocationHelper.invokeMethod(MethodInvocationHelper.java:124)
at org.testng.internal.Invoker.invokeMethod(Invoker.java:583)
at org.testng.internal.Invoker.invokeTestMethod(Invoker.java:719)
at org.testng.internal.Invoker.invokeTestMethods(Invoker.java:989)
at org.testng.internal.TestMethodWorker.invokeTestMethods(TestMethodWorker.java:125)
at org.testng.internal.TestMethodWorker.run(TestMethodWorker.java:109)
at java.util.concurrent.ThreadPoolExecutor.runWorker(Unknown Source)
at java.util.concurrent.ThreadPoolExecutor$Worker.run(Unknown Source)
at java.lang.Thread.run(Unknown Source)
Caused by: org.openqa.selenium.NoSuchElementException: An element could not be located on the page using the given search parameters.
For documentation on this error, please visit: https://www.seleniumhq.org/exceptions/no_such_element.html
Build info: version: '3.141.59', revision: 'e82be7d358', time: '2018-11-14T08:17:03'
System info: host: 'DESKTOP-NQRRDTM', ip: '192.168.1.213', os.name: 'Windows 10', os.arch: 'amd64', os.version: '10.0', java.version: '1.8.0_241'
Driver info: io.appium.java_client.android.AndroidDriver
Capabilities {appActivity: com.martitech.marti.ui.acti..., appPackage: com.martitech.marti.dev, autoGrantPermissions: true, databaseEnabled: false, desired: {appActivity: com.martitech.marti.ui.acti..., appPackage: com.martitech.marti.dev, autoGrantPermissions: true, deviceName: Emulator_1, noReset: true, platformName: android, platformVersion: 9.0, udid: emulator-5554}, deviceApiLevel: 29, deviceManufacturer: Google, deviceModel: Android SDK built for x86, deviceName: emulator-5554, deviceScreenDensity: 480, deviceScreenSize: 1080x1920, deviceUDID: emulator-5554, javascriptEnabled: true, locationContextEnabled: false, networkConnectionEnabled: true, noReset: true, pixelRatio: 3, platform: LINUX, platformName: Android, platformVersion: 10, statBarHeight: 72, takesScreenshot: true, udid: emulator-5554, viewportRect: {height: 1704, left: 0, top: 72, width: 1080}, warnings: {}, webStorageEnabled: false}
Session ID: f49f3f9e-72b3-42e5-81ca-abf0fc0b729f
*** Element info: {Using=id, value=needHelp}
at sun.reflect.GeneratedConstructorAccessor30.newInstance(Unknown Source)
at sun.reflect.DelegatingConstructorAccessorImpl.newInstance(Unknown Source)
at java.lang.reflect.Constructor.newInstance(Unknown Source)
at org.openqa.selenium.remote.http.W3CHttpResponseCodec.createException(W3CHttpResponseCodec.java:187)
at org.openqa.selenium.remote.http.W3CHttpResponseCodec.decode(W3CHttpResponseCodec.java:122)
at org.openqa.selenium.remote.http.W3CHttpResponseCodec.decode(W3CHttpResponseCodec.java:49)
at org.openqa.selenium.remote.HttpCommandExecutor.execute(HttpCommandExecutor.java:158)
at io.appium.java_client.remote.AppiumCommandExecutor.execute(AppiumCommandExecutor.java:239)
at org.openqa.selenium.remote.RemoteWebDriver.execute(RemoteWebDriver.java:552)
at io.appium.java_client.DefaultGenericMobileDriver.execute(DefaultGenericMobileDriver.java:41)
at io.appium.java_client.AppiumDriver.execute(AppiumDriver.java:1)
at io.appium.java_client.android.AndroidDriver.execute(AndroidDriver.java:1)
at org.openqa.selenium.remote.RemoteWebDriver.findElement(RemoteWebDriver.java:323)
at io.appium.java_client.DefaultGenericMobileDriver.findElement(DefaultGenericMobileDriver.java:61)
at io.appium.java_client.AppiumDriver.findElement(AppiumDriver.java:1)
at io.appium.java_client.android.AndroidDriver.findElement(AndroidDriver.java:1)
at org.openqa.selenium.remote.RemoteWebDriver.findElementById(RemoteWebDriver.java:372)
at io.appium.java_client.DefaultGenericMobileDriver.findElementById(DefaultGenericMobileDriver.java:69)
at io.appium.java_client.AppiumDriver.findElementById(AppiumDriver.java:1)
at io.appium.java_client.android.AndroidDriver.findElementById(AndroidDriver.java:1)
at org.openqa.selenium.By$ById.findElement(By.java:188)
at org.openqa.selenium.remote.RemoteWebDriver.findElement(RemoteWebDriver.java:315)
at io.appium.java_client.DefaultGenericMobileDriver.findElement(DefaultGenericMobileDriver.java:57)
at io.appium.java_client.AppiumDriver.findElement(AppiumDriver.java:1)
at io.appium.java_client.android.AndroidDriver.findElement(AndroidDriver.java:1)
at org.openqa.selenium.support.ui.ExpectedConditions$7.apply(ExpectedConditions.java:205)
at org.openqa.selenium.support.ui.ExpectedConditions$7.apply(ExpectedConditions.java:201)
at org.openqa.selenium.support.ui.ExpectedConditions$22.apply(ExpectedConditions.java:641)
at org.openqa.selenium.support.ui.ExpectedConditions$22.apply(ExpectedConditions.java:638)
at org.openqa.selenium.support.ui.FluentWait.until(FluentWait.java:249)
... 17 more
]]>
    </error>
  </testcase> <!-- TC_053_Acil_Mudahale -->
  <testcase name="TC_054_Nasil_Surulur" time="30.742" classname="tests.android.ride.Surus"/>
  <testcase name="TC_055_Ortalama" time="32.016" classname="tests.android.ride.Surus"/>
  <testcase name="TC_056_Surus_Bitirme" time="33.925" classname="tests.android.ride.Surus"/>
  <testcase name="TC_057_Park_Edilemez_Alan" time="35.228" classname="tests.android.ride.Surus"/>
  <testcase name="TC_058_Kilit_Takilmadi" time="35.566" classname="tests.android.ride.Surus"/>
  <testcase name="TC_059_Kamera_Izni_Verilmemis" time="19.922" classname="tests.android.ride.Surus"/>
  <testcase name="TC_060_Surus_Bitir_Internet_Kapali" time="45.051" classname="tests.android.ride.Surus"/>
  <testcase name="TC_061_Ceza_Kurallarina_Erisim" time="51.243" classname="tests.android.ride.Surus"/>
  <testcase name="TC_062_Odeme_Hatasi" time="43.598" classname="tests.android.ride.Surus"/>
  <testcase name="TC_063_Odeme_Hatasi_Borc_Ekle" time="17.922" classname="tests.android.ride.Surus"/>
  <testcase name="TC_064_Surus_Bitir_Basarili" time="40.735" classname="tests.android.ride.Surus"/>
  <testcase name="TC_065_Surus_Bitir_Basarili_Wallet" time="21.181" classname="tests.android.ride.Surus"/>
  <testcase name="TC_066_Surus_Bitirme_Basarisiz_Wallet_Yetersiz" time="18.936" classname="tests.android.ride.Surus"/>
  <testcase name="TC_067_Surus_Bitir_Basarili_Kupon_Kullanildi" time="20.758" classname="tests.android.ride.Surus"/>
  <testcase name="TC_068_Uygulama_Degerlendirme" time="20.797" classname="tests.android.ride.Surus"/>
</testsuite> <!-- tests.android.ride.Surus -->
