<?xml version="1.0" encoding="UTF-8"?>
<!-- Generated by org.testng.reporters.JUnitReportReporter -->
<testsuite skipped="0" hostname="DESKTOP-NQRRDTM" name="tests.android.security.Tum_Islerim" tests="3" failures="0" timestamp="06 Eki 2020 10:27:59 GMT" time="110.985" errors="0">
  <testcase name="TC_054_Tum_Islerim_Listesi" time="41.047" classname="tests.android.security.Tum_Islerim"/>
  <testcase name="TC_055_Tum_Islerim_Detay_Aktif_Isi_Yok" time="31.603" classname="tests.android.security.Tum_Islerim"/>
  <testcase name="TC_056_Tum_Islerim_Detay_Aktif_Isi_Var" time="38.335" classname="tests.android.security.Tum_Islerim"/>
</testsuite> <!-- tests.android.security.Tum_Islerim -->
