<?xml version="1.0" encoding="UTF-8"?>
<!-- Generated by org.testng.reporters.JUnitReportReporter -->
<testsuite skipped="0" hostname="DESKTOP-NQRRDTM" name="tests.ios.ride.Giris_Ekrani" tests="8" failures="0" timestamp="26 Eki 2020 11:56:25 GMT" time="531.369" errors="0">
  <testcase name="TC_012_Giris_Basarili" time="56.231" classname="tests.ios.ride.Giris_Ekrani"/>
  <testcase name="TC_013_Giris_Basarisiz" time="40.340" classname="tests.ios.ride.Giris_Ekrani"/>
  <testcase name="TC_014_Dogrulama_Basarisiz" time="58.443" classname="tests.ios.ride.Giris_Ekrani"/>
  <testcase name="TC_015_Tekrar_Kod_Gonder" time="166.834" classname="tests.ios.ride.Giris_Ekrani"/>
  <testcase name="TC_016_Kullanici_Sozlesmesi_Goster_Onayla" time="61.406" classname="tests.ios.ride.Giris_Ekrani"/>
  <testcase name="TC_017_Aydinlatma_Metni_Goster_Onayla" time="58.223" classname="tests.ios.ride.Giris_Ekrani"/>
  <testcase name="TC_018_Acik_Riza_Metni_Goster_Onayla" time="46.496" classname="tests.ios.ride.Giris_Ekrani"/>
  <testcase name="TC_019_Ulke_Kodu_Degistirme" time="43.396" classname="tests.ios.ride.Giris_Ekrani"/>
</testsuite> <!-- tests.ios.ride.Giris_Ekrani -->
