<?xml version="1.0" encoding="UTF-8"?>
<!-- Generated by org.testng.reporters.JUnitReportReporter -->
<testsuite skipped="0" hostname="DESKTOP-NQRRDTM" name="tests.Yukleme_Ekrani" tests="6" failures="0" timestamp="24 Tem 2020 16:26:55 GMT" time="374.883" errors="0">
  <testcase name="TC_001_Yukleme_Ekrani_Basarisiz" time="56.520" classname="tests.Yukleme_Ekrani"/>
  <testcase name="TC_002_Uygulama_Baslangici_Basarili" time="55.414" classname="tests.Yukleme_Ekrani"/>
  <testcase name="TC_004_Oturum_Kontrolu_Basarili" time="57.627" classname="tests.Yukleme_Ekrani"/>
  <testcase name="TC_005_Surus_Kontrolu" time="81.901" classname="tests.Yukleme_Ekrani"/>
  <testcase name="TC_007_Tckn_Kontrolu" time="58.592" classname="tests.Yukleme_Ekrani"/>
  <testcase name="TC_008_Kvkk_Kontrolu" time="64.829" classname="tests.Yukleme_Ekrani"/>
</testsuite> <!-- tests.Yukleme_Ekrani -->
