<?xml version="1.0" encoding="UTF-8"?>
<!-- Generated by org.testng.reporters.JUnitReportReporter -->
<testsuite skipped="0" hostname="DESKTOP-NQRRDTM" name="tests.android.security.Giris_Ekrani" tests="1" failures="0" timestamp="29 Eyl 2020 07:05:55 GMT" time="30.161" errors="0">
  <testcase name="TC_015_Tekrar_Otp_Gonder" time="30.161" classname="tests.android.security.Giris_Ekrani"/>
</testsuite> <!-- tests.android.security.Giris_Ekrani -->
