<?xml version="1.0" encoding="UTF-8"?>
<!-- Generated by org.testng.reporters.JUnitReportReporter -->
<testsuite skipped="0" hostname="DESKTOP-NQRRDTM" name="tests.android.security.Ana_Ekran" tests="1" failures="0" timestamp="29 Eyl 2020 11:06:07 GMT" time="27.070" errors="0">
  <testcase name="TC_019_Giris_Basarili" time="27.070" classname="tests.android.security.Ana_Ekran"/>
</testsuite> <!-- tests.android.security.Ana_Ekran -->
