<?xml version="1.0" encoding="UTF-8"?>
<!-- Generated by org.testng.reporters.JUnitReportReporter -->
<testsuite skipped="0" hostname="DESKTOP-NQRRDTM" name="tests.Borclar" tests="5" failures="0" timestamp="24 Tem 2020 16:26:55 GMT" time="365.904" errors="0">
  <testcase name="TC_029_Borclu_Kullanici" time="71.913" classname="tests.Borclar"/>
  <testcase name="TC_030_Borclu_Kullanici_Plus_15" time="70.986" classname="tests.Borclar"/>
  <testcase name="TC_031_Borc_Odeme" time="71.825" classname="tests.Borclar"/>
  <testcase name="TC_032_Borc_Odeme_Islemi_Basarili" time="76.875" classname="tests.Borclar"/>
  <testcase name="TC_033_Borc_Odeme_Islemi_Basarisiz" time="74.305" classname="tests.Borclar"/>
</testsuite> <!-- tests.Borclar -->
