<?xml version="1.0" encoding="UTF-8"?>
<!-- Generated by org.testng.reporters.JUnitReportReporter -->
<testsuite skipped="0" hostname="DESKTOP-NQRRDTM" name="tests.android.security.Arac_Teslim" tests="1" failures="0" timestamp="29 Eyl 2020 14:20:41 GMT" time="47.027" errors="0">
  <testcase name="TC_032_Arac_Teslim_Al_Basarisiz_Eksik_Detay" time="47.027" classname="tests.android.security.Arac_Teslim"/>
</testsuite> <!-- tests.android.security.Arac_Teslim -->
