<?xml version="1.0" encoding="UTF-8"?>
<!-- Generated by org.testng.reporters.JUnitReportReporter -->
<testsuite skipped="0" hostname="DESKTOP-NQRRDTM" name="tests.android.security.Harita_Detay" tests="7" failures="0" timestamp="06 Eki 2020 10:27:59 GMT" time="399.455" errors="0">
  <testcase name="TC_058_Isleme_Basla_Buton_Kontrolu" time="41.984" classname="tests.android.security.Harita_Detay"/>
  <testcase name="TC_059_Baska_Bir_Gorev_Yapacagim_Kontrolu" time="41.772" classname="tests.android.security.Harita_Detay"/>
  <testcase name="TC_060_Calinti_Is_Emri_Detay" time="84.499" classname="tests.android.security.Harita_Detay"/>
  <testcase name="TC_061_Supheli_Is_Emri_Detay" time="41.559" classname="tests.android.security.Harita_Detay"/>
  <testcase name="TC_062_Bulunamadi_Is_Emri_Detay" time="55.407" classname="tests.android.security.Harita_Detay"/>
  <testcase name="TC_063_Musteri_Is_Emri_Detay" time="65.487" classname="tests.android.security.Harita_Detay"/>
  <testcase name="TC_064_Kilit_Kontrol_Is_Emri_Detay" time="68.747" classname="tests.android.security.Harita_Detay"/>
</testsuite> <!-- tests.android.security.Harita_Detay -->
