<?xml version="1.0" encoding="UTF-8"?>
<!-- Generated by org.testng.reporters.JUnitReportReporter -->
<testsuite skipped="0" hostname="DESKTOP-NQRRDTM" name="tests.android.ride.Yukleme_Ekrani" tests="8" failures="0" timestamp="09 Kas 2020 09:29:04 GMT" time="160.374" errors="0">
  <testcase name="TC_001_Yukleme_Ekrani_Basarisiz" time="17.369" classname="tests.android.ride.Yukleme_Ekrani"/>
  <testcase name="TC_002_Uygulama_Baslangici_Basarili" time="17.487" classname="tests.android.ride.Yukleme_Ekrani"/>
  <testcase name="TC_004_Bildirim_Izin_Kontrolu" time="8.645" classname="tests.android.ride.Yukleme_Ekrani"/>
  <testcase name="TC_005_Oturum_Kontrolu_Basarili" time="31.999" classname="tests.android.ride.Yukleme_Ekrani"/>
  <testcase name="TC_006_Oturum_Kontrolu_Basarili_Bildirim_Yok" time="7.454" classname="tests.android.ride.Yukleme_Ekrani"/>
  <testcase name="TC_007_Surus_Kontrolu" time="48.545" classname="tests.android.ride.Yukleme_Ekrani"/>
  <testcase name="TC_008_Rezervasyon_Kontrolu" time="7.323" classname="tests.android.ride.Yukleme_Ekrani"/>
  <testcase name="TC_009_Tckn_Kontrolu" time="21.552" classname="tests.android.ride.Yukleme_Ekrani"/>
</testsuite> <!-- tests.android.ride.Yukleme_Ekrani -->
