<?xml version="1.0" encoding="UTF-8"?>
<!-- Generated by org.testng.reporters.JUnitReportReporter -->
<testsuite skipped="0" hostname="DESKTOP-NQRRDTM" name="tests.web.controlcenter.CC_Marti_001" tests="1" failures="0" timestamp="24 Eyl 2020 14:18:09 GMT" time="21.164" errors="0">
  <testcase name="TC_001_Surus_Kontrolu" time="21.164" classname="tests.web.controlcenter.CC_Marti_001"/>
</testsuite> <!-- tests.web.controlcenter.CC_Marti_001 -->
