<?xml version="1.0" encoding="UTF-8"?>
<!-- Generated by org.testng.reporters.JUnitReportReporter -->
<testsuite skipped="0" hostname="DESKTOP-NQRRDTM" name="tests.android.security.Arac_Teslim" tests="3" failures="0" timestamp="30 Eyl 2020 06:14:41 GMT" time="129.640" errors="0">
  <testcase name="TC_039_Arac_Teslim_Et_Basarisiz_Hatali_KM" time="45.457" classname="tests.android.security.Arac_Teslim"/>
  <testcase name="TC_040_Arac_Teslim_Et_Basarisiz_Eksik_Foto" time="40.169" classname="tests.android.security.Arac_Teslim"/>
  <testcase name="TC_041_Arac_Teslim_Et_Basarisiz_Eksik_Detay" time="44.014" classname="tests.android.security.Arac_Teslim"/>
</testsuite> <!-- tests.android.security.Arac_Teslim -->
