<?xml version="1.0" encoding="UTF-8"?>
<!-- Generated by org.testng.reporters.JUnitReportReporter -->
<testsuite skipped="0" hostname="DESKTOP-NQRRDTM" name="tests.android.security.Harita_Detay" tests="1" failures="0" timestamp="30 Eyl 2020 14:12:24 GMT" time="45.746" errors="0">
  <testcase name="TC_058_Baska_Bir_Gorev_Yapacagim_Kontrolu" time="45.746" classname="tests.android.security.Harita_Detay"/>
</testsuite> <!-- tests.android.security.Harita_Detay -->
