<?xml version="1.0" encoding="UTF-8"?>
<!-- Generated by org.testng.reporters.JUnitReportReporter -->
<testsuite skipped="0" hostname="DESKTOP-NQRRDTM" name="tests.android.ride.Giris_Ekrani" tests="3" failures="1" timestamp="09 Eki 2020 13:41:40 GMT" time="79.866" errors="0">
  <testcase name="TC_011_Giris_Basarisiz" time="19.111" classname="tests.android.ride.Giris_Ekrani"/>
  <testcase name="TC_012_Dogrulama_Basarisiz" time="31.512" classname="tests.android.ride.Giris_Ekrani"/>
  <testcase name="TC_013_Tekrar_Kod_Gonder" time="29.243" classname="tests.android.ride.Giris_Ekrani">
    <failure type="java.lang.AssertionError" message="null">
      <![CDATA[java.lang.AssertionError: null
at org.testng.Assert.fail(Assert.java:96)
at org.testng.Assert.assertNotEquals(Assert.java:1157)
at org.testng.Assert.assertNotEquals(Assert.java:1162)
at utilities.PageBaseAndroid.assertNotContent(PageBaseAndroid.java:313)
at pages.android.ride.pageGirisEkrani.Tekrar_Kod_Gonder(pageGirisEkrani.java:117)
at tests.android.ride.Giris_Ekrani.TC_013_Tekrar_Kod_Gonder(Giris_Ekrani.java:71)
at sun.reflect.NativeMethodAccessorImpl.invoke0(Native Method)
at sun.reflect.NativeMethodAccessorImpl.invoke(Unknown Source)
at sun.reflect.DelegatingMethodAccessorImpl.invoke(Unknown Source)
at java.lang.reflect.Method.invoke(Unknown Source)
at org.testng.internal.MethodInvocationHelper.invokeMethod(MethodInvocationHelper.java:124)
at org.testng.internal.Invoker.invokeMethod(Invoker.java:583)
at org.testng.internal.Invoker.invokeTestMethod(Invoker.java:719)
at org.testng.internal.Invoker.invokeTestMethods(Invoker.java:989)
at org.testng.internal.TestMethodWorker.invokeTestMethods(TestMethodWorker.java:125)
at org.testng.internal.TestMethodWorker.run(TestMethodWorker.java:109)
at java.util.concurrent.ThreadPoolExecutor.runWorker(Unknown Source)
at java.util.concurrent.ThreadPoolExecutor$Worker.run(Unknown Source)
at java.lang.Thread.run(Unknown Source)
]]>
    </failure>
  </testcase> <!-- TC_013_Tekrar_Kod_Gonder -->
</testsuite> <!-- tests.android.ride.Giris_Ekrani -->
