<?xml version="1.0" encoding="UTF-8"?>
<!-- Generated by org.testng.reporters.JUnitReportReporter -->
<testsuite skipped="0" hostname="DESKTOP-NQRRDTM" name="tests.Surus" tests="1" failures="0" timestamp="27 Tem 2020 07:38:48 GMT" time="94.847" errors="0">
  <testcase name="TC_047_Surus_Bitirme_Basarili" time="94.847" classname="tests.Surus"/>
</testsuite> <!-- tests.Surus -->
