<?xml version="1.0" encoding="UTF-8"?>
<!-- Generated by org.testng.reporters.JUnitReportReporter -->
<testsuite skipped="0" hostname="DESKTOP-NQRRDTM" name="tests.ios.ride.Borclar" tests="6" failures="0" timestamp="26 Eki 2020 11:56:25 GMT" time="453.986" errors="0">
  <testcase name="TC_043_Borclu_Kullanici" time="61.848" classname="tests.ios.ride.Borclar"/>
  <testcase name="TC_044_Borclu_Kullanici_Plus_15" time="79.003" classname="tests.ios.ride.Borclar"/>
  <testcase name="TC_045_Borc_Odeme" time="88.545" classname="tests.ios.ride.Borclar"/>
  <testcase name="TC_046_Borc_Odeme_Cuzdan_Yeterli" time="38.762" classname="tests.ios.ride.Borclar"/>
  <testcase name="TC_047_Borc_Odeme_Islemi_Basarili" time="93.712" classname="tests.ios.ride.Borclar"/>
  <testcase name="TC_048_Borc_Odeme_Islemi_Basarisiz" time="92.116" classname="tests.ios.ride.Borclar"/>
</testsuite> <!-- tests.ios.ride.Borclar -->
