<?xml version="1.0" encoding="UTF-8"?>
<!-- Generated by org.testng.reporters.JUnitReportReporter -->
<testsuite skipped="0" hostname="DESKTOP-NQRRDTM" name="tests.android.ride.Yukleme_Ekrani" tests="5" failures="0" timestamp="12 Eki 2020 12:12:30 GMT" time="188.233" errors="0">
  <testcase name="TC_001_Yukleme_Ekrani_Basarisiz" time="22.150" classname="tests.android.ride.Yukleme_Ekrani"/>
  <testcase name="TC_002_Uygulama_Baslangici_Basarili" time="23.979" classname="tests.android.ride.Yukleme_Ekrani"/>
  <testcase name="TC_004_Oturum_Kontrolu_Basarili" time="79.460" classname="tests.android.ride.Yukleme_Ekrani"/>
  <testcase name="TC_005_Surus_Kontrolu" time="33.622" classname="tests.android.ride.Yukleme_Ekrani"/>
  <testcase name="TC_007_Tckn_Kontrolu" time="29.022" classname="tests.android.ride.Yukleme_Ekrani"/>
</testsuite> <!-- tests.android.ride.Yukleme_Ekrani -->
