<?xml version="1.0" encoding="UTF-8"?>
<!-- Generated by org.testng.reporters.JUnitReportReporter -->
<testsuite skipped="0" hostname="DESKTOP-NQRRDTM" name="tests.api.Marti_App_API" tests="50" failures="0" timestamp="23 Eki 2020 13:57:42 GMT" time="162.738" errors="0">
  <testcase name="TC_039_ride_paymentPreview" time="4.495" classname="tests.api.Marti_App_API"/>
  <testcase name="TC_032_payment_setDefault" time="4.923" classname="tests.api.Marti_App_API"/>
  <testcase name="TC_006_customer_hasPopup" time="1.801" classname="tests.api.Marti_App_API"/>
  <testcase name="TC_003_countries_list" time="1.838" classname="tests.api.Marti_App_API"/>
  <testcase name="TC_008_customer_notificationList" time="1.779" classname="tests.api.Marti_App_API"/>
  <testcase name="TC_029_payment_cardList" time="1.705" classname="tests.api.Marti_App_API"/>
  <testcase name="TC_040_ride_reservationEnd" time="7.803" classname="tests.api.Marti_App_API"/>
  <testcase name="TC_017_geofence_handshake" time="2.898" classname="tests.api.Marti_App_API"/>
  <testcase name="TC_011_customer_readNotification" time="1.941" classname="tests.api.Marti_App_API"/>
  <testcase name="TC_013_customer_signin" time="2.098" classname="tests.api.Marti_App_API"/>
  <testcase name="TC_027_map_listAvailables" time="1.920" classname="tests.api.Marti_App_API"/>
  <testcase name="TC_025_issue_types" time="2.540" classname="tests.api.Marti_App_API"/>
  <testcase name="TC_004_customer_addCouponToCustomer" time="4.373" classname="tests.api.Marti_App_API"/>
  <testcase name="TC_050_settings_uploadPhoto" time="4.937" classname="tests.api.Marti_App_API"/>
  <testcase name="TC_001_app_getConfig" time="2.819" classname="tests.api.Marti_App_API"/>
  <testcase name="TC_018_geofence_iotUnlock" time="12.625" classname="tests.api.Marti_App_API"/>
  <testcase name="TC_038_ride_getReviewCategories" time="1.878" classname="tests.api.Marti_App_API"/>
  <testcase name="TC_020_geofence_solveChallenge" time="1.679" classname="tests.api.Marti_App_API"/>
  <testcase name="TC_021_history_list" time="1.766" classname="tests.api.Marti_App_API"/>
  <testcase name="TC_035_ride_customerHasReservation" time="1.613" classname="tests.api.Marti_App_API"/>
  <testcase name="TC_007_customer_notificationCount" time="1.732" classname="tests.api.Marti_App_API"/>
  <testcase name="TC_002_campaign_list" time="1.742" classname="tests.api.Marti_App_API"/>
  <testcase name="TC_036_ride_customerHasRide" time="2.831" classname="tests.api.Marti_App_API"/>
  <testcase name="TC_026_issue_uploadPhoto" time="2.473" classname="tests.api.Marti_App_API"/>
  <testcase name="TC_033_ride_checkBeforeReservation" time="2.973" classname="tests.api.Marti_App_API"/>
  <testcase name="TC_045_ride_start" time="6.632" classname="tests.api.Marti_App_API"/>
  <testcase name="TC_012_customer_ridingDebts" time="1.656" classname="tests.api.Marti_App_API"/>
  <testcase name="TC_016_geofence_borders" time="3.085" classname="tests.api.Marti_App_API"/>
  <testcase name="TC_047_ride_uploadPhoto" time="2.066" classname="tests.api.Marti_App_API"/>
  <testcase name="TC_010_customer_readKvkk" time="1.638" classname="tests.api.Marti_App_API"/>
  <testcase name="TC_031_payment_deleteCard" time="1.990" classname="tests.api.Marti_App_API"/>
  <testcase name="TC_034_ride_checkBeforeRide" time="1.875" classname="tests.api.Marti_App_API"/>
  <testcase name="TC_042_ride_reservationStart" time="3.830" classname="tests.api.Marti_App_API"/>
  <testcase name="TC_005_customer_couponList" time="1.808" classname="tests.api.Marti_App_API"/>
  <testcase name="TC_024_issue_send" time="1.817" classname="tests.api.Marti_App_API"/>
  <testcase name="TC_044_ride_review" time="2.174" classname="tests.api.Marti_App_API"/>
  <testcase name="TC_037_ride_end" time="9.142" classname="tests.api.Marti_App_API"/>
  <testcase name="TC_009_customer_payDebt" time="6.062" classname="tests.api.Marti_App_API"/>
  <testcase name="TC_043_ride_review" time="4.935" classname="tests.api.Marti_App_API"/>
  <testcase name="TC_052_customer_generateInvitationCoupon" time="1.700" classname="tests.api.Marti_App_API"/>
  <testcase name="TC_019_geofence_ring" time="3.058" classname="tests.api.Marti_App_API"/>
  <testcase name="TC_014_customer_updateName" time="1.849" classname="tests.api.Marti_App_API"/>
  <testcase name="TC_046_ride_status" time="4.540" classname="tests.api.Marti_App_API"/>
  <testcase name="TC_022_issue_contact" time="5.855" classname="tests.api.Marti_App_API"/>
  <testcase name="TC_041_ride_reservationPaymentPreview" time="4.263" classname="tests.api.Marti_App_API"/>
  <testcase name="TC_028_paymentaddCard" time="5.615" classname="tests.api.Marti_App_API"/>
  <testcase name="TC_023_issue_requestScooter" time="1.741" classname="tests.api.Marti_App_API"/>
  <testcase name="TC_048_settings_getMyProfile" time="1.595" classname="tests.api.Marti_App_API"/>
  <testcase name="TC_049_settings_updateMyProfile" time="3.029" classname="tests.api.Marti_App_API"/>
  <testcase name="TC_030_payment_default" time="1.601" classname="tests.api.Marti_App_API"/>
</testsuite> <!-- tests.api.Marti_App_API -->
