<?xml version="1.0" encoding="UTF-8"?>
<!-- Generated by org.testng.reporters.JUnitReportReporter -->
<testsuite skipped="0" hostname="DESKTOP-NQRRDTM" name="tests.ios.ride.Yukleme_Ekrani" tests="8" failures="0" timestamp="26 Eki 2020 11:56:25 GMT" time="400.023" errors="0">
  <testcase name="TC_002_Uygulama_Baslangici_Basarili" time="43.865" classname="tests.ios.ride.Yukleme_Ekrani"/>
  <testcase name="TC_004_Bildirim_Izin_Kontrolu" time="24.836" classname="tests.ios.ride.Yukleme_Ekrani"/>
  <testcase name="TC_005_Oturum_Kontrolu_Basarili" time="58.192" classname="tests.ios.ride.Yukleme_Ekrani"/>
  <testcase name="TC_006_Oturum_Kontrolu_Basarili_Bildirim_Yok" time="25.764" classname="tests.ios.ride.Yukleme_Ekrani"/>
  <testcase name="TC_007_Surus_Kontrolu" time="102.030" classname="tests.ios.ride.Yukleme_Ekrani"/>
  <testcase name="TC_008_Rezervasyon_Kontrolu" time="33.178" classname="tests.ios.ride.Yukleme_Ekrani"/>
  <testcase name="TC_009_Tckn_Kontrolu" time="53.764" classname="tests.ios.ride.Yukleme_Ekrani"/>
  <testcase name="TC_011_Dinamik_Bildirim_Kontrolu" time="58.394" classname="tests.ios.ride.Yukleme_Ekrani"/>
</testsuite> <!-- tests.ios.ride.Yukleme_Ekrani -->
