<?xml version="1.0" encoding="UTF-8"?>
<!-- Generated by org.testng.reporters.JUnitReportReporter -->
<testsuite skipped="0" hostname="DESKTOP-NQRRDTM" name="tests.ios.ride.Ana_Ekran" tests="23" failures="0" timestamp="26 Eki 2020 11:56:25 GMT" time="1383.306" errors="4">
  <testcase name="TC_020_Konum_Izin_Kontrolu" time="24.914" classname="tests.ios.ride.Ana_Ekran"/>
  <testcase name="TC_021_Bildirim_Izin_Kontrolu" time="24.380" classname="tests.ios.ride.Ana_Ekran"/>
  <testcase name="TC_022_Dinamik_Popup_Goster" time="65.588" classname="tests.ios.ride.Ana_Ekran"/>
  <testcase name="TC_023_Dinamik_Popup_Gosterme_Popup_Yok" time="93.331" classname="tests.ios.ride.Ana_Ekran"/>
  <testcase name="TC_024_Dinamik_Popup_Gosterme_Acik_Riza_Yok" time="67.694" classname="tests.ios.ride.Ana_Ekran"/>
  <testcase name="TC_025_Acik_Riza_Hatirlatma_Gosterme" time="66.715" classname="tests.ios.ride.Ana_Ekran"/>
  <testcase name="TC_026_Acik_Riza_Hatirlatma_Goster_Onay" time="63.304" classname="tests.ios.ride.Ana_Ekran"/>
  <testcase name="TC_027_Scooter_Bilgileri_Goster" time="28.749" classname="tests.ios.ride.Ana_Ekran"/>
  <testcase name="TC_028_Surus_Baslat" time="59.070" classname="tests.ios.ride.Ana_Ekran"/>
  <testcase name="TC_029_Tckn_Gecersiz" time="66.963" classname="tests.ios.ride.Ana_Ekran"/>
  <testcase name="TC_030_Odeme_Yontemi_Yok_Kart_Yok" time="63.011" classname="tests.ios.ride.Ana_Ekran"/>
  <testcase name="TC_031_Odeme_Yontemi_Yok_Bakiye_Yetersiz" time="35.126" classname="tests.ios.ride.Ana_Ekran"/>
  <testcase name="TC_032_Surus_Baslatma_Kamera_Izni_Verilmemis" time="36.300" classname="tests.ios.ride.Ana_Ekran"/>
  <testcase name="TC_033_Surus_Baslat_Kod_Girisi" time="62.898" classname="tests.ios.ride.Ana_Ekran"/>
  <testcase name="TC_034_Surus_Baslat_Basarili" time="62.540" classname="tests.ios.ride.Ana_Ekran"/>
  <testcase name="TC_035_Surus_Baslat_Basarisiz_Martiya_Uzak" time="83.290" classname="tests.ios.ride.Ana_Ekran"/>
  <testcase name="TC_036_Daha_Cok_Marti" time="50.786" classname="tests.ios.ride.Ana_Ekran"/>
  <testcase name="TC_037_Ortalama" time="35.454" classname="tests.ios.ride.Ana_Ekran"/>
  <testcase name="TC_038_Bize_Ulasin_Kilit_Problemi_Bildirme" time="106.620" classname="tests.ios.ride.Ana_Ekran">
    <error type="org.openqa.selenium.NoSuchElementException" message="no such element (An element could not be located on the page using the given search parameters (ID=&#039;Tamam&#039;))  (WARNING: The server did not provide any stacktrace information)
Command duration or timeout: 0 milliseconds
For documentation on this error, please visit: https://www.seleniumhq.org/exceptions/no_such_element.html
Build info: version: &#039;3.141.59&#039;, revision: &#039;e82be7d358&#039;, time: &#039;2018-11-14T08:17:03&#039;
System info: host: &#039;DESKTOP-NQRRDTM&#039;, ip: &#039;192.168.1.213&#039;, os.name: &#039;Windows 10&#039;, os.arch: &#039;amd64&#039;, os.version: &#039;10.0&#039;, java.version: &#039;1.8.0_241&#039;
Driver info: io.appium.java_client.ios.IOSDriver
Capabilities {appBuildVersion: , appReleaseVersion: , appiumVersion: 1.8.0, autoAcceptAlerts: false, autoDismissAlerts: false, autoGrantPermissions: false, autoWebview: false, automationName: XCUITest, bundleId: com.martitech.martiscooter...., commandTimeouts: 120000, desired: {automationName: XCUITest, bundleId: com.martitech.martiscooter...., deviceName: iPhone, noReset: false, platformName: iOS, platformVersion: 12, udid: f2f3f5b148d523fa2ded1f4ee1e...}, device.category: PHONE, device.majorVersion: 12, device.manufacture: Apple, device.model: iPhone 5s, device.name: emre iPhone’u, device.os: iOS, device.screenSize: 640x1136, device.serialNumber: f2f3f5b148d523fa2ded1f4ee1e..., device.version: 12.4.8, deviceName: iPhone, deviceUDID: f2f3f5b148d523fa2ded1f4ee1e..., dontGoHomeOnQuit: false, dontStopAppOnReset: false, fullReset: false, install.only.for.update: false, instrumentApp: false, javascriptEnabled: true, keystorePath: ~/.android/debug.keystore, locationServicesAuthorized: false, newSessionWaitTimeout: 600, noReset: false, platform: IOS, platformName: iOS, platformVersion: 12, projectName: , reportDirectory: reports, reportFormat: xml, reportUrl: C:\Users\emre\appiumstudio-..., reservationDuration: 240, takeScreenshots: true, test.type: Mobile, testName: mobile test 10/26/20 01:48 PM, udid: f2f3f5b148d523fa2ded1f4ee1e..., useKeystore: false, waitForDeviceTimeout: 120000}
Session ID: 9967b98c-afa7-41b6-bcae-a90577299050
*** Element info: {Using=id, value=Tamam}">
      <![CDATA[org.openqa.selenium.NoSuchElementException: no such element (An element could not be located on the page using the given search parameters (ID='Tamam'))  (WARNING: The server did not provide any stacktrace information)
Command duration or timeout: 0 milliseconds
For documentation on this error, please visit: https://www.seleniumhq.org/exceptions/no_such_element.html
Build info: version: '3.141.59', revision: 'e82be7d358', time: '2018-11-14T08:17:03'
System info: host: 'DESKTOP-NQRRDTM', ip: '192.168.1.213', os.name: 'Windows 10', os.arch: 'amd64', os.version: '10.0', java.version: '1.8.0_241'
Driver info: io.appium.java_client.ios.IOSDriver
Capabilities {appBuildVersion: , appReleaseVersion: , appiumVersion: 1.8.0, autoAcceptAlerts: false, autoDismissAlerts: false, autoGrantPermissions: false, autoWebview: false, automationName: XCUITest, bundleId: com.martitech.martiscooter...., commandTimeouts: 120000, desired: {automationName: XCUITest, bundleId: com.martitech.martiscooter...., deviceName: iPhone, noReset: false, platformName: iOS, platformVersion: 12, udid: f2f3f5b148d523fa2ded1f4ee1e...}, device.category: PHONE, device.majorVersion: 12, device.manufacture: Apple, device.model: iPhone 5s, device.name: emre iPhone’u, device.os: iOS, device.screenSize: 640x1136, device.serialNumber: f2f3f5b148d523fa2ded1f4ee1e..., device.version: 12.4.8, deviceName: iPhone, deviceUDID: f2f3f5b148d523fa2ded1f4ee1e..., dontGoHomeOnQuit: false, dontStopAppOnReset: false, fullReset: false, install.only.for.update: false, instrumentApp: false, javascriptEnabled: true, keystorePath: ~/.android/debug.keystore, locationServicesAuthorized: false, newSessionWaitTimeout: 600, noReset: false, platform: IOS, platformName: iOS, platformVersion: 12, projectName: , reportDirectory: reports, reportFormat: xml, reportUrl: C:\Users\emre\appiumstudio-..., reservationDuration: 240, takeScreenshots: true, test.type: Mobile, testName: mobile test 10/26/20 01:48 PM, udid: f2f3f5b148d523fa2ded1f4ee1e..., useKeystore: false, waitForDeviceTimeout: 120000}
Session ID: 9967b98c-afa7-41b6-bcae-a90577299050
*** Element info: {Using=id, value=Tamam}
at sun.reflect.NativeConstructorAccessorImpl.newInstance0(Native Method)
at sun.reflect.NativeConstructorAccessorImpl.newInstance(Unknown Source)
at sun.reflect.DelegatingConstructorAccessorImpl.newInstance(Unknown Source)
at java.lang.reflect.Constructor.newInstance(Unknown Source)
at org.openqa.selenium.remote.ErrorHandler.createThrowable(ErrorHandler.java:214)
at org.openqa.selenium.remote.ErrorHandler.throwIfResponseFailed(ErrorHandler.java:166)
at org.openqa.selenium.remote.http.JsonHttpResponseCodec.reconstructValue(JsonHttpResponseCodec.java:40)
at org.openqa.selenium.remote.http.AbstractHttpResponseCodec.decode(AbstractHttpResponseCodec.java:80)
at org.openqa.selenium.remote.http.AbstractHttpResponseCodec.decode(AbstractHttpResponseCodec.java:44)
at org.openqa.selenium.remote.HttpCommandExecutor.execute(HttpCommandExecutor.java:158)
at io.appium.java_client.remote.AppiumCommandExecutor.execute(AppiumCommandExecutor.java:239)
at org.openqa.selenium.remote.RemoteWebDriver.execute(RemoteWebDriver.java:552)
at io.appium.java_client.DefaultGenericMobileDriver.execute(DefaultGenericMobileDriver.java:41)
at io.appium.java_client.AppiumDriver.execute(AppiumDriver.java:1)
at io.appium.java_client.ios.IOSDriver.execute(IOSDriver.java:1)
at org.openqa.selenium.remote.RemoteWebDriver.findElement(RemoteWebDriver.java:323)
at io.appium.java_client.DefaultGenericMobileDriver.findElement(DefaultGenericMobileDriver.java:61)
at io.appium.java_client.AppiumDriver.findElement(AppiumDriver.java:1)
at io.appium.java_client.ios.IOSDriver.findElement(IOSDriver.java:1)
at org.openqa.selenium.remote.RemoteWebDriver.findElementById(RemoteWebDriver.java:372)
at io.appium.java_client.DefaultGenericMobileDriver.findElementById(DefaultGenericMobileDriver.java:69)
at io.appium.java_client.AppiumDriver.findElementById(AppiumDriver.java:1)
at io.appium.java_client.ios.IOSDriver.findElementById(IOSDriver.java:1)
at org.openqa.selenium.By$ById.findElement(By.java:188)
at org.openqa.selenium.remote.RemoteWebDriver.findElement(RemoteWebDriver.java:315)
at io.appium.java_client.DefaultGenericMobileDriver.findElement(DefaultGenericMobileDriver.java:57)
at io.appium.java_client.AppiumDriver.findElement(AppiumDriver.java:1)
at io.appium.java_client.ios.IOSDriver.findElement(IOSDriver.java:1)
at utilities.PageBaseIos.click(PageBaseIos.java:111)
at pages.ios.ride.pageAnaEkran.Bize_Ulasin_Kilit_Problemi_Bildirme(pageAnaEkran.java:174)
at tests.ios.ride.Ana_Ekran.TC_038_Bize_Ulasin_Kilit_Problemi_Bildirme(Ana_Ekran.java:459)
at sun.reflect.NativeMethodAccessorImpl.invoke0(Native Method)
at sun.reflect.NativeMethodAccessorImpl.invoke(Unknown Source)
at sun.reflect.DelegatingMethodAccessorImpl.invoke(Unknown Source)
at java.lang.reflect.Method.invoke(Unknown Source)
at org.testng.internal.MethodInvocationHelper.invokeMethod(MethodInvocationHelper.java:124)
at org.testng.internal.Invoker.invokeMethod(Invoker.java:583)
at org.testng.internal.Invoker.invokeTestMethod(Invoker.java:719)
at org.testng.internal.Invoker.invokeTestMethods(Invoker.java:989)
at org.testng.internal.TestMethodWorker.invokeTestMethods(TestMethodWorker.java:125)
at org.testng.internal.TestMethodWorker.run(TestMethodWorker.java:109)
at java.util.concurrent.ThreadPoolExecutor.runWorker(Unknown Source)
at java.util.concurrent.ThreadPoolExecutor$Worker.run(Unknown Source)
at java.lang.Thread.run(Unknown Source)
]]>
    </error>
  </testcase> <!-- TC_038_Bize_Ulasin_Kilit_Problemi_Bildirme -->
  <testcase name="TC_039_Bize_Ulasin_Hasarli_Sorunlu_Marti_Bildirme" time="78.248" classname="tests.ios.ride.Ana_Ekran">
    <error type="org.openqa.selenium.NoSuchElementException" message="no such element (An element could not be located on the page using the given search parameters (ID=&#039;damageScooter&#039;))  (WARNING: The server did not provide any stacktrace information)
Command duration or timeout: 0 milliseconds
For documentation on this error, please visit: https://www.seleniumhq.org/exceptions/no_such_element.html
Build info: version: &#039;3.141.59&#039;, revision: &#039;e82be7d358&#039;, time: &#039;2018-11-14T08:17:03&#039;
System info: host: &#039;DESKTOP-NQRRDTM&#039;, ip: &#039;192.168.1.213&#039;, os.name: &#039;Windows 10&#039;, os.arch: &#039;amd64&#039;, os.version: &#039;10.0&#039;, java.version: &#039;1.8.0_241&#039;
Driver info: io.appium.java_client.ios.IOSDriver
Capabilities {appBuildVersion: , appReleaseVersion: , appiumVersion: 1.8.0, autoAcceptAlerts: false, autoDismissAlerts: false, autoGrantPermissions: false, autoWebview: false, automationName: XCUITest, bundleId: com.martitech.martiscooter...., commandTimeouts: 120000, desired: {automationName: XCUITest, bundleId: com.martitech.martiscooter...., deviceName: iPhone, noReset: false, platformName: iOS, platformVersion: 12, udid: f2f3f5b148d523fa2ded1f4ee1e...}, device.category: PHONE, device.majorVersion: 12, device.manufacture: Apple, device.model: iPhone 5s, device.name: emre iPhone’u, device.os: iOS, device.screenSize: 640x1136, device.serialNumber: f2f3f5b148d523fa2ded1f4ee1e..., device.version: 12.4.8, deviceName: iPhone, deviceUDID: f2f3f5b148d523fa2ded1f4ee1e..., dontGoHomeOnQuit: false, dontStopAppOnReset: false, fullReset: false, install.only.for.update: false, instrumentApp: false, javascriptEnabled: true, keystorePath: ~/.android/debug.keystore, locationServicesAuthorized: false, newSessionWaitTimeout: 600, noReset: false, platform: IOS, platformName: iOS, platformVersion: 12, projectName: , reportDirectory: reports, reportFormat: xml, reportUrl: C:\Users\emre\appiumstudio-..., reservationDuration: 240, takeScreenshots: true, test.type: Mobile, testName: mobile test 10/26/20 01:50 PM, udid: f2f3f5b148d523fa2ded1f4ee1e..., useKeystore: false, waitForDeviceTimeout: 120000}
Session ID: 7d390a29-7a31-49e5-bcb5-0d2f4c9fb086
*** Element info: {Using=id, value=damageScooter}">
      <![CDATA[org.openqa.selenium.NoSuchElementException: no such element (An element could not be located on the page using the given search parameters (ID='damageScooter'))  (WARNING: The server did not provide any stacktrace information)
Command duration or timeout: 0 milliseconds
For documentation on this error, please visit: https://www.seleniumhq.org/exceptions/no_such_element.html
Build info: version: '3.141.59', revision: 'e82be7d358', time: '2018-11-14T08:17:03'
System info: host: 'DESKTOP-NQRRDTM', ip: '192.168.1.213', os.name: 'Windows 10', os.arch: 'amd64', os.version: '10.0', java.version: '1.8.0_241'
Driver info: io.appium.java_client.ios.IOSDriver
Capabilities {appBuildVersion: , appReleaseVersion: , appiumVersion: 1.8.0, autoAcceptAlerts: false, autoDismissAlerts: false, autoGrantPermissions: false, autoWebview: false, automationName: XCUITest, bundleId: com.martitech.martiscooter...., commandTimeouts: 120000, desired: {automationName: XCUITest, bundleId: com.martitech.martiscooter...., deviceName: iPhone, noReset: false, platformName: iOS, platformVersion: 12, udid: f2f3f5b148d523fa2ded1f4ee1e...}, device.category: PHONE, device.majorVersion: 12, device.manufacture: Apple, device.model: iPhone 5s, device.name: emre iPhone’u, device.os: iOS, device.screenSize: 640x1136, device.serialNumber: f2f3f5b148d523fa2ded1f4ee1e..., device.version: 12.4.8, deviceName: iPhone, deviceUDID: f2f3f5b148d523fa2ded1f4ee1e..., dontGoHomeOnQuit: false, dontStopAppOnReset: false, fullReset: false, install.only.for.update: false, instrumentApp: false, javascriptEnabled: true, keystorePath: ~/.android/debug.keystore, locationServicesAuthorized: false, newSessionWaitTimeout: 600, noReset: false, platform: IOS, platformName: iOS, platformVersion: 12, projectName: , reportDirectory: reports, reportFormat: xml, reportUrl: C:\Users\emre\appiumstudio-..., reservationDuration: 240, takeScreenshots: true, test.type: Mobile, testName: mobile test 10/26/20 01:50 PM, udid: f2f3f5b148d523fa2ded1f4ee1e..., useKeystore: false, waitForDeviceTimeout: 120000}
Session ID: 7d390a29-7a31-49e5-bcb5-0d2f4c9fb086
*** Element info: {Using=id, value=damageScooter}
at sun.reflect.NativeConstructorAccessorImpl.newInstance0(Native Method)
at sun.reflect.NativeConstructorAccessorImpl.newInstance(Unknown Source)
at sun.reflect.DelegatingConstructorAccessorImpl.newInstance(Unknown Source)
at java.lang.reflect.Constructor.newInstance(Unknown Source)
at org.openqa.selenium.remote.ErrorHandler.createThrowable(ErrorHandler.java:214)
at org.openqa.selenium.remote.ErrorHandler.throwIfResponseFailed(ErrorHandler.java:166)
at org.openqa.selenium.remote.http.JsonHttpResponseCodec.reconstructValue(JsonHttpResponseCodec.java:40)
at org.openqa.selenium.remote.http.AbstractHttpResponseCodec.decode(AbstractHttpResponseCodec.java:80)
at org.openqa.selenium.remote.http.AbstractHttpResponseCodec.decode(AbstractHttpResponseCodec.java:44)
at org.openqa.selenium.remote.HttpCommandExecutor.execute(HttpCommandExecutor.java:158)
at io.appium.java_client.remote.AppiumCommandExecutor.execute(AppiumCommandExecutor.java:239)
at org.openqa.selenium.remote.RemoteWebDriver.execute(RemoteWebDriver.java:552)
at io.appium.java_client.DefaultGenericMobileDriver.execute(DefaultGenericMobileDriver.java:41)
at io.appium.java_client.AppiumDriver.execute(AppiumDriver.java:1)
at io.appium.java_client.ios.IOSDriver.execute(IOSDriver.java:1)
at org.openqa.selenium.remote.RemoteWebDriver.findElement(RemoteWebDriver.java:323)
at io.appium.java_client.DefaultGenericMobileDriver.findElement(DefaultGenericMobileDriver.java:61)
at io.appium.java_client.AppiumDriver.findElement(AppiumDriver.java:1)
at io.appium.java_client.ios.IOSDriver.findElement(IOSDriver.java:1)
at org.openqa.selenium.remote.RemoteWebDriver.findElementById(RemoteWebDriver.java:372)
at io.appium.java_client.DefaultGenericMobileDriver.findElementById(DefaultGenericMobileDriver.java:69)
at io.appium.java_client.AppiumDriver.findElementById(AppiumDriver.java:1)
at io.appium.java_client.ios.IOSDriver.findElementById(IOSDriver.java:1)
at org.openqa.selenium.By$ById.findElement(By.java:188)
at org.openqa.selenium.remote.RemoteWebDriver.findElement(RemoteWebDriver.java:315)
at io.appium.java_client.DefaultGenericMobileDriver.findElement(DefaultGenericMobileDriver.java:57)
at io.appium.java_client.AppiumDriver.findElement(AppiumDriver.java:1)
at io.appium.java_client.ios.IOSDriver.findElement(IOSDriver.java:1)
at utilities.PageBaseIos.click(PageBaseIos.java:111)
at pages.ios.ride.pageAnaEkran.Bize_Ulasin_Hasarli_Sorunlu_Marti_Bildirme(pageAnaEkran.java:188)
at tests.ios.ride.Ana_Ekran.TC_039_Bize_Ulasin_Hasarli_Sorunlu_Marti_Bildirme(Ana_Ekran.java:481)
at sun.reflect.NativeMethodAccessorImpl.invoke0(Native Method)
at sun.reflect.NativeMethodAccessorImpl.invoke(Unknown Source)
at sun.reflect.DelegatingMethodAccessorImpl.invoke(Unknown Source)
at java.lang.reflect.Method.invoke(Unknown Source)
at org.testng.internal.MethodInvocationHelper.invokeMethod(MethodInvocationHelper.java:124)
at org.testng.internal.Invoker.invokeMethod(Invoker.java:583)
at org.testng.internal.Invoker.invokeTestMethod(Invoker.java:719)
at org.testng.internal.Invoker.invokeTestMethods(Invoker.java:989)
at org.testng.internal.TestMethodWorker.invokeTestMethods(TestMethodWorker.java:125)
at org.testng.internal.TestMethodWorker.run(TestMethodWorker.java:109)
at java.util.concurrent.ThreadPoolExecutor.runWorker(Unknown Source)
at java.util.concurrent.ThreadPoolExecutor$Worker.run(Unknown Source)
at java.lang.Thread.run(Unknown Source)
]]>
    </error>
  </testcase> <!-- TC_039_Bize_Ulasin_Hasarli_Sorunlu_Marti_Bildirme -->
  <testcase name="TC_040_Bize_Ulasin_Yanlis_Park" time="80.825" classname="tests.ios.ride.Ana_Ekran">
    <error type="org.openqa.selenium.NoSuchElementException" message="no such element (An element could not be located on the page using the given search parameters (ID=&#039;wrongParking&#039;))  (WARNING: The server did not provide any stacktrace information)
Command duration or timeout: 0 milliseconds
For documentation on this error, please visit: https://www.seleniumhq.org/exceptions/no_such_element.html
Build info: version: &#039;3.141.59&#039;, revision: &#039;e82be7d358&#039;, time: &#039;2018-11-14T08:17:03&#039;
System info: host: &#039;DESKTOP-NQRRDTM&#039;, ip: &#039;192.168.1.213&#039;, os.name: &#039;Windows 10&#039;, os.arch: &#039;amd64&#039;, os.version: &#039;10.0&#039;, java.version: &#039;1.8.0_241&#039;
Driver info: io.appium.java_client.ios.IOSDriver
Capabilities {appBuildVersion: , appReleaseVersion: , appiumVersion: 1.8.0, autoAcceptAlerts: false, autoDismissAlerts: false, autoGrantPermissions: false, autoWebview: false, automationName: XCUITest, bundleId: com.martitech.martiscooter...., commandTimeouts: 120000, desired: {automationName: XCUITest, bundleId: com.martitech.martiscooter...., deviceName: iPhone, noReset: false, platformName: iOS, platformVersion: 12, udid: f2f3f5b148d523fa2ded1f4ee1e...}, device.category: PHONE, device.majorVersion: 12, device.manufacture: Apple, device.model: iPhone 5s, device.name: emre iPhone’u, device.os: iOS, device.screenSize: 640x1136, device.serialNumber: f2f3f5b148d523fa2ded1f4ee1e..., device.version: 12.4.8, deviceName: iPhone, deviceUDID: f2f3f5b148d523fa2ded1f4ee1e..., dontGoHomeOnQuit: false, dontStopAppOnReset: false, fullReset: false, install.only.for.update: false, instrumentApp: false, javascriptEnabled: true, keystorePath: ~/.android/debug.keystore, locationServicesAuthorized: false, newSessionWaitTimeout: 600, noReset: false, platform: IOS, platformName: iOS, platformVersion: 12, projectName: , reportDirectory: reports, reportFormat: xml, reportUrl: C:\Users\emre\appiumstudio-..., reservationDuration: 240, takeScreenshots: true, test.type: Mobile, testName: mobile test 10/26/20 01:51 PM, udid: f2f3f5b148d523fa2ded1f4ee1e..., useKeystore: false, waitForDeviceTimeout: 120000}
Session ID: dc4bb5ba-e76c-416a-80b3-684ce099d707
*** Element info: {Using=id, value=wrongParking}">
      <![CDATA[org.openqa.selenium.NoSuchElementException: no such element (An element could not be located on the page using the given search parameters (ID='wrongParking'))  (WARNING: The server did not provide any stacktrace information)
Command duration or timeout: 0 milliseconds
For documentation on this error, please visit: https://www.seleniumhq.org/exceptions/no_such_element.html
Build info: version: '3.141.59', revision: 'e82be7d358', time: '2018-11-14T08:17:03'
System info: host: 'DESKTOP-NQRRDTM', ip: '192.168.1.213', os.name: 'Windows 10', os.arch: 'amd64', os.version: '10.0', java.version: '1.8.0_241'
Driver info: io.appium.java_client.ios.IOSDriver
Capabilities {appBuildVersion: , appReleaseVersion: , appiumVersion: 1.8.0, autoAcceptAlerts: false, autoDismissAlerts: false, autoGrantPermissions: false, autoWebview: false, automationName: XCUITest, bundleId: com.martitech.martiscooter...., commandTimeouts: 120000, desired: {automationName: XCUITest, bundleId: com.martitech.martiscooter...., deviceName: iPhone, noReset: false, platformName: iOS, platformVersion: 12, udid: f2f3f5b148d523fa2ded1f4ee1e...}, device.category: PHONE, device.majorVersion: 12, device.manufacture: Apple, device.model: iPhone 5s, device.name: emre iPhone’u, device.os: iOS, device.screenSize: 640x1136, device.serialNumber: f2f3f5b148d523fa2ded1f4ee1e..., device.version: 12.4.8, deviceName: iPhone, deviceUDID: f2f3f5b148d523fa2ded1f4ee1e..., dontGoHomeOnQuit: false, dontStopAppOnReset: false, fullReset: false, install.only.for.update: false, instrumentApp: false, javascriptEnabled: true, keystorePath: ~/.android/debug.keystore, locationServicesAuthorized: false, newSessionWaitTimeout: 600, noReset: false, platform: IOS, platformName: iOS, platformVersion: 12, projectName: , reportDirectory: reports, reportFormat: xml, reportUrl: C:\Users\emre\appiumstudio-..., reservationDuration: 240, takeScreenshots: true, test.type: Mobile, testName: mobile test 10/26/20 01:51 PM, udid: f2f3f5b148d523fa2ded1f4ee1e..., useKeystore: false, waitForDeviceTimeout: 120000}
Session ID: dc4bb5ba-e76c-416a-80b3-684ce099d707
*** Element info: {Using=id, value=wrongParking}
at sun.reflect.NativeConstructorAccessorImpl.newInstance0(Native Method)
at sun.reflect.NativeConstructorAccessorImpl.newInstance(Unknown Source)
at sun.reflect.DelegatingConstructorAccessorImpl.newInstance(Unknown Source)
at java.lang.reflect.Constructor.newInstance(Unknown Source)
at org.openqa.selenium.remote.ErrorHandler.createThrowable(ErrorHandler.java:214)
at org.openqa.selenium.remote.ErrorHandler.throwIfResponseFailed(ErrorHandler.java:166)
at org.openqa.selenium.remote.http.JsonHttpResponseCodec.reconstructValue(JsonHttpResponseCodec.java:40)
at org.openqa.selenium.remote.http.AbstractHttpResponseCodec.decode(AbstractHttpResponseCodec.java:80)
at org.openqa.selenium.remote.http.AbstractHttpResponseCodec.decode(AbstractHttpResponseCodec.java:44)
at org.openqa.selenium.remote.HttpCommandExecutor.execute(HttpCommandExecutor.java:158)
at io.appium.java_client.remote.AppiumCommandExecutor.execute(AppiumCommandExecutor.java:239)
at org.openqa.selenium.remote.RemoteWebDriver.execute(RemoteWebDriver.java:552)
at io.appium.java_client.DefaultGenericMobileDriver.execute(DefaultGenericMobileDriver.java:41)
at io.appium.java_client.AppiumDriver.execute(AppiumDriver.java:1)
at io.appium.java_client.ios.IOSDriver.execute(IOSDriver.java:1)
at org.openqa.selenium.remote.RemoteWebDriver.findElement(RemoteWebDriver.java:323)
at io.appium.java_client.DefaultGenericMobileDriver.findElement(DefaultGenericMobileDriver.java:61)
at io.appium.java_client.AppiumDriver.findElement(AppiumDriver.java:1)
at io.appium.java_client.ios.IOSDriver.findElement(IOSDriver.java:1)
at org.openqa.selenium.remote.RemoteWebDriver.findElementById(RemoteWebDriver.java:372)
at io.appium.java_client.DefaultGenericMobileDriver.findElementById(DefaultGenericMobileDriver.java:69)
at io.appium.java_client.AppiumDriver.findElementById(AppiumDriver.java:1)
at io.appium.java_client.ios.IOSDriver.findElementById(IOSDriver.java:1)
at org.openqa.selenium.By$ById.findElement(By.java:188)
at org.openqa.selenium.remote.RemoteWebDriver.findElement(RemoteWebDriver.java:315)
at io.appium.java_client.DefaultGenericMobileDriver.findElement(DefaultGenericMobileDriver.java:57)
at io.appium.java_client.AppiumDriver.findElement(AppiumDriver.java:1)
at io.appium.java_client.ios.IOSDriver.findElement(IOSDriver.java:1)
at utilities.PageBaseIos.click(PageBaseIos.java:111)
at pages.ios.ride.pageAnaEkran.Bize_Ulasin_Yanlis_Park(pageAnaEkran.java:221)
at tests.ios.ride.Ana_Ekran.TC_040_Bize_Ulasin_Yanlis_Park(Ana_Ekran.java:503)
at sun.reflect.NativeMethodAccessorImpl.invoke0(Native Method)
at sun.reflect.NativeMethodAccessorImpl.invoke(Unknown Source)
at sun.reflect.DelegatingMethodAccessorImpl.invoke(Unknown Source)
at java.lang.reflect.Method.invoke(Unknown Source)
at org.testng.internal.MethodInvocationHelper.invokeMethod(MethodInvocationHelper.java:124)
at org.testng.internal.Invoker.invokeMethod(Invoker.java:583)
at org.testng.internal.Invoker.invokeTestMethod(Invoker.java:719)
at org.testng.internal.Invoker.invokeTestMethods(Invoker.java:989)
at org.testng.internal.TestMethodWorker.invokeTestMethods(TestMethodWorker.java:125)
at org.testng.internal.TestMethodWorker.run(TestMethodWorker.java:109)
at java.util.concurrent.ThreadPoolExecutor.runWorker(Unknown Source)
at java.util.concurrent.ThreadPoolExecutor$Worker.run(Unknown Source)
at java.lang.Thread.run(Unknown Source)
]]>
    </error>
  </testcase> <!-- TC_040_Bize_Ulasin_Yanlis_Park -->
  <testcase name="TC_041_Bize_Ulasin_Acil_Durum_Paylas" time="75.082" classname="tests.ios.ride.Ana_Ekran">
    <error type="org.openqa.selenium.NoSuchElementException" message="no such element (An element could not be located on the page using the given search parameters (ID=&#039;otherIssue&#039;))  (WARNING: The server did not provide any stacktrace information)
Command duration or timeout: 0 milliseconds
For documentation on this error, please visit: https://www.seleniumhq.org/exceptions/no_such_element.html
Build info: version: &#039;3.141.59&#039;, revision: &#039;e82be7d358&#039;, time: &#039;2018-11-14T08:17:03&#039;
System info: host: &#039;DESKTOP-NQRRDTM&#039;, ip: &#039;192.168.1.213&#039;, os.name: &#039;Windows 10&#039;, os.arch: &#039;amd64&#039;, os.version: &#039;10.0&#039;, java.version: &#039;1.8.0_241&#039;
Driver info: io.appium.java_client.ios.IOSDriver
Capabilities {appBuildVersion: , appReleaseVersion: , appiumVersion: 1.8.0, autoAcceptAlerts: false, autoDismissAlerts: false, autoGrantPermissions: false, autoWebview: false, automationName: XCUITest, bundleId: com.martitech.martiscooter...., commandTimeouts: 120000, desired: {automationName: XCUITest, bundleId: com.martitech.martiscooter...., deviceName: iPhone, noReset: false, platformName: iOS, platformVersion: 12, udid: f2f3f5b148d523fa2ded1f4ee1e...}, device.category: PHONE, device.majorVersion: 12, device.manufacture: Apple, device.model: iPhone 5s, device.name: emre iPhone’u, device.os: iOS, device.screenSize: 640x1136, device.serialNumber: f2f3f5b148d523fa2ded1f4ee1e..., device.version: 12.4.8, deviceName: iPhone, deviceUDID: f2f3f5b148d523fa2ded1f4ee1e..., dontGoHomeOnQuit: false, dontStopAppOnReset: false, fullReset: false, install.only.for.update: false, instrumentApp: false, javascriptEnabled: true, keystorePath: ~/.android/debug.keystore, locationServicesAuthorized: false, newSessionWaitTimeout: 600, noReset: false, platform: IOS, platformName: iOS, platformVersion: 12, projectName: , reportDirectory: reports, reportFormat: xml, reportUrl: C:\Users\emre\appiumstudio-..., reservationDuration: 240, takeScreenshots: true, test.type: Mobile, testName: mobile test 10/26/20 01:52 PM, udid: f2f3f5b148d523fa2ded1f4ee1e..., useKeystore: false, waitForDeviceTimeout: 120000}
Session ID: 7a23724e-38c1-4301-9274-c302b7f3be96
*** Element info: {Using=id, value=otherIssue}">
      <![CDATA[org.openqa.selenium.NoSuchElementException: no such element (An element could not be located on the page using the given search parameters (ID='otherIssue'))  (WARNING: The server did not provide any stacktrace information)
Command duration or timeout: 0 milliseconds
For documentation on this error, please visit: https://www.seleniumhq.org/exceptions/no_such_element.html
Build info: version: '3.141.59', revision: 'e82be7d358', time: '2018-11-14T08:17:03'
System info: host: 'DESKTOP-NQRRDTM', ip: '192.168.1.213', os.name: 'Windows 10', os.arch: 'amd64', os.version: '10.0', java.version: '1.8.0_241'
Driver info: io.appium.java_client.ios.IOSDriver
Capabilities {appBuildVersion: , appReleaseVersion: , appiumVersion: 1.8.0, autoAcceptAlerts: false, autoDismissAlerts: false, autoGrantPermissions: false, autoWebview: false, automationName: XCUITest, bundleId: com.martitech.martiscooter...., commandTimeouts: 120000, desired: {automationName: XCUITest, bundleId: com.martitech.martiscooter...., deviceName: iPhone, noReset: false, platformName: iOS, platformVersion: 12, udid: f2f3f5b148d523fa2ded1f4ee1e...}, device.category: PHONE, device.majorVersion: 12, device.manufacture: Apple, device.model: iPhone 5s, device.name: emre iPhone’u, device.os: iOS, device.screenSize: 640x1136, device.serialNumber: f2f3f5b148d523fa2ded1f4ee1e..., device.version: 12.4.8, deviceName: iPhone, deviceUDID: f2f3f5b148d523fa2ded1f4ee1e..., dontGoHomeOnQuit: false, dontStopAppOnReset: false, fullReset: false, install.only.for.update: false, instrumentApp: false, javascriptEnabled: true, keystorePath: ~/.android/debug.keystore, locationServicesAuthorized: false, newSessionWaitTimeout: 600, noReset: false, platform: IOS, platformName: iOS, platformVersion: 12, projectName: , reportDirectory: reports, reportFormat: xml, reportUrl: C:\Users\emre\appiumstudio-..., reservationDuration: 240, takeScreenshots: true, test.type: Mobile, testName: mobile test 10/26/20 01:52 PM, udid: f2f3f5b148d523fa2ded1f4ee1e..., useKeystore: false, waitForDeviceTimeout: 120000}
Session ID: 7a23724e-38c1-4301-9274-c302b7f3be96
*** Element info: {Using=id, value=otherIssue}
at sun.reflect.NativeConstructorAccessorImpl.newInstance0(Native Method)
at sun.reflect.NativeConstructorAccessorImpl.newInstance(Unknown Source)
at sun.reflect.DelegatingConstructorAccessorImpl.newInstance(Unknown Source)
at java.lang.reflect.Constructor.newInstance(Unknown Source)
at org.openqa.selenium.remote.ErrorHandler.createThrowable(ErrorHandler.java:214)
at org.openqa.selenium.remote.ErrorHandler.throwIfResponseFailed(ErrorHandler.java:166)
at org.openqa.selenium.remote.http.JsonHttpResponseCodec.reconstructValue(JsonHttpResponseCodec.java:40)
at org.openqa.selenium.remote.http.AbstractHttpResponseCodec.decode(AbstractHttpResponseCodec.java:80)
at org.openqa.selenium.remote.http.AbstractHttpResponseCodec.decode(AbstractHttpResponseCodec.java:44)
at org.openqa.selenium.remote.HttpCommandExecutor.execute(HttpCommandExecutor.java:158)
at io.appium.java_client.remote.AppiumCommandExecutor.execute(AppiumCommandExecutor.java:239)
at org.openqa.selenium.remote.RemoteWebDriver.execute(RemoteWebDriver.java:552)
at io.appium.java_client.DefaultGenericMobileDriver.execute(DefaultGenericMobileDriver.java:41)
at io.appium.java_client.AppiumDriver.execute(AppiumDriver.java:1)
at io.appium.java_client.ios.IOSDriver.execute(IOSDriver.java:1)
at org.openqa.selenium.remote.RemoteWebDriver.findElement(RemoteWebDriver.java:323)
at io.appium.java_client.DefaultGenericMobileDriver.findElement(DefaultGenericMobileDriver.java:61)
at io.appium.java_client.AppiumDriver.findElement(AppiumDriver.java:1)
at io.appium.java_client.ios.IOSDriver.findElement(IOSDriver.java:1)
at org.openqa.selenium.remote.RemoteWebDriver.findElementById(RemoteWebDriver.java:372)
at io.appium.java_client.DefaultGenericMobileDriver.findElementById(DefaultGenericMobileDriver.java:69)
at io.appium.java_client.AppiumDriver.findElementById(AppiumDriver.java:1)
at io.appium.java_client.ios.IOSDriver.findElementById(IOSDriver.java:1)
at org.openqa.selenium.By$ById.findElement(By.java:188)
at org.openqa.selenium.remote.RemoteWebDriver.findElement(RemoteWebDriver.java:315)
at io.appium.java_client.DefaultGenericMobileDriver.findElement(DefaultGenericMobileDriver.java:57)
at io.appium.java_client.AppiumDriver.findElement(AppiumDriver.java:1)
at io.appium.java_client.ios.IOSDriver.findElement(IOSDriver.java:1)
at utilities.PageBaseIos.click(PageBaseIos.java:111)
at pages.ios.ride.pageAnaEkran.Bize_Ulasin_Acil_Durum_Paylas(pageAnaEkran.java:248)
at tests.ios.ride.Ana_Ekran.TC_041_Bize_Ulasin_Acil_Durum_Paylas(Ana_Ekran.java:524)
at sun.reflect.NativeMethodAccessorImpl.invoke0(Native Method)
at sun.reflect.NativeMethodAccessorImpl.invoke(Unknown Source)
at sun.reflect.DelegatingMethodAccessorImpl.invoke(Unknown Source)
at java.lang.reflect.Method.invoke(Unknown Source)
at org.testng.internal.MethodInvocationHelper.invokeMethod(MethodInvocationHelper.java:124)
at org.testng.internal.Invoker.invokeMethod(Invoker.java:583)
at org.testng.internal.Invoker.invokeTestMethod(Invoker.java:719)
at org.testng.internal.Invoker.invokeTestMethods(Invoker.java:989)
at org.testng.internal.TestMethodWorker.invokeTestMethods(TestMethodWorker.java:125)
at org.testng.internal.TestMethodWorker.run(TestMethodWorker.java:109)
at java.util.concurrent.ThreadPoolExecutor.runWorker(Unknown Source)
at java.util.concurrent.ThreadPoolExecutor$Worker.run(Unknown Source)
at java.lang.Thread.run(Unknown Source)
]]>
    </error>
  </testcase> <!-- TC_041_Bize_Ulasin_Acil_Durum_Paylas -->
  <testcase name="TC_042_Bildirimleri_Kontrol_Etme" time="52.418" classname="tests.ios.ride.Ana_Ekran"/>
</testsuite> <!-- tests.ios.ride.Ana_Ekran -->
