<?xml version="1.0" encoding="UTF-8"?>
<!-- Generated by org.testng.reporters.JUnitReportReporter -->
<testsuite skipped="0" hostname="DESKTOP-NQRRDTM" name="DataPreparation.Data_MobilService" tests="1" failures="0" timestamp="23 Eki 2020 11:56:59 GMT" time="4.337" errors="0">
  <testcase name="SetCustomer" time="4.337" classname="DataPreparation.Data_MobilService"/>
</testsuite> <!-- DataPreparation.Data_MobilService -->
