<?xml version="1.0" encoding="UTF-8"?>
<!-- Generated by org.testng.reporters.JUnitReportReporter -->
<testsuite skipped="0" hostname="DESKTOP-NQRRDTM" name="tests.android.ride.Giris_Ekrani" tests="8" failures="0" timestamp="09 Kas 2020 09:29:04 GMT" time="246.855" errors="0">
  <testcase name="TC_012_Giris_Basarili" time="28.356" classname="tests.android.ride.Giris_Ekrani"/>
  <testcase name="TC_013_Giris_Basarisiz" time="16.994" classname="tests.android.ride.Giris_Ekrani"/>
  <testcase name="TC_014_Dogrulama_Basarisiz" time="22.739" classname="tests.android.ride.Giris_Ekrani"/>
  <testcase name="TC_015_Tekrar_Kod_Gonder" time="104.003" classname="tests.android.ride.Giris_Ekrani"/>
  <testcase name="TC_016_Kullanici_Sozlesmesi_Goster_Onayla" time="21.127" classname="tests.android.ride.Giris_Ekrani"/>
  <testcase name="TC_017_Aydinlatma_Metni_Goster_Onayla" time="18.397" classname="tests.android.ride.Giris_Ekrani"/>
  <testcase name="TC_018_Acik_Riza_Metni_Goster_Onayla" time="21.241" classname="tests.android.ride.Giris_Ekrani"/>
  <testcase name="TC_019_Ulke_Kodu_Degistirme" time="13.998" classname="tests.android.ride.Giris_Ekrani"/>
</testsuite> <!-- tests.android.ride.Giris_Ekrani -->
