<?xml version="1.0" encoding="UTF-8"?>
<!-- Generated by org.testng.reporters.JUnitReportReporter -->
<testsuite skipped="0" hostname="DESKTOP-NQRRDTM" name="tests.android.ride.Yukleme_Ekrani" tests="8" failures="0" timestamp="26 Eki 2020 05:46:16 GMT" time="183.263" errors="0">
  <testcase name="TC_001_Yukleme_Ekrani_Basarisiz" time="23.098" classname="tests.android.ride.Yukleme_Ekrani"/>
  <testcase name="TC_002_Uygulama_Baslangici_Basarili" time="17.991" classname="tests.android.ride.Yukleme_Ekrani"/>
  <testcase name="TC_004_Bildirim_Izin_Kontrolu" time="11.488" classname="tests.android.ride.Yukleme_Ekrani"/>
  <testcase name="TC_005_Oturum_Kontrolu_Basarili" time="32.098" classname="tests.android.ride.Yukleme_Ekrani"/>
  <testcase name="TC_006_Oturum_Kontrolu_Basarili_Bildirim_Yok" time="9.766" classname="tests.android.ride.Yukleme_Ekrani"/>
  <testcase name="TC_007_Surus_Kontrolu" time="48.610" classname="tests.android.ride.Yukleme_Ekrani"/>
  <testcase name="TC_008_Rezervasyon_Kontrolu" time="12.177" classname="tests.android.ride.Yukleme_Ekrani"/>
  <testcase name="TC_009_Tckn_Kontrolu" time="28.035" classname="tests.android.ride.Yukleme_Ekrani"/>
</testsuite> <!-- tests.android.ride.Yukleme_Ekrani -->
