<?xml version="1.0" encoding="UTF-8"?>
<!-- Generated by org.testng.reporters.JUnitReportReporter -->
<testsuite skipped="0" hostname="DESKTOP-NQRRDTM" name="tests.android.security.Ariza_Bildir" tests="1" failures="0" timestamp="06 Eki 2020 10:27:59 GMT" time="50.710" errors="0">
  <testcase name="TC_099_Ariza_Bildir" time="50.710" classname="tests.android.security.Ariza_Bildir"/>
</testsuite> <!-- tests.android.security.Ariza_Bildir -->
