<?xml version="1.0" encoding="UTF-8"?>
<!-- Generated by org.testng.reporters.JUnitReportReporter -->
<testsuite skipped="0" hostname="DESKTOP-NQRRDTM" name="tests.Menu" tests="3" failures="0" timestamp="27 Tem 2020 07:38:48 GMT" time="198.183" errors="0">
  <testcase name="TC_049_Versiyon_Kontrol" time="61.285" classname="tests.Menu"/>
  <testcase name="TC_050_Profil_Duzenleme" time="66.642" classname="tests.Menu"/>
  <testcase name="TC_051_Arkadasini_Davet_Et" time="70.256" classname="tests.Menu"/>
</testsuite> <!-- tests.Menu -->
